<?xml version="1.0" encoding="UTF-8"?>
<testsuite name="wad.controller.PathTest" time="0.017" tests="3" errors="3" skipped="0" failures="0">
  <properties>
[...]
</properties>
  <testcase name="anyoneCanSeeGenres" classname="wad.controller.PathTest" time="0.002">
    <error message="Failed to load ApplicationContext" type="java.lang.IllegalStateException"><![CDATA[java.lang.IllegalStateException: Failed to load ApplicationContext
	at org.springframework.test.context.cache.DefaultCacheAwareContextLoaderDelegate.loadContext(DefaultCacheAwareContextLoaderDelegate.java:124)
	at org.springframework.test.context.support.DefaultTestContext.getApplicationContext(DefaultTestContext.java:83)
	at org.springframework.boot.test.autoconfigure.SpringBootDependencyInjectionTestExecutionListener.prepareTestInstance(SpringBootDependencyInjectionTestExecutionListener.java:47)
	at org.springframework.test.context.TestContextManager.prepareTestInstance(TestContextManager.java:230)
	at org.springframework.test.context.junit4.SpringJUnit4ClassRunner.createTest(SpringJUnit4ClassRunner.java:228)
	at org.springframework.test.context.junit4.SpringJUnit4ClassRunner$1.runReflectiveCall(SpringJUnit4ClassRunner.java:287)
	at org.junit.internal.runners.model.ReflectiveCallable.run(ReflectiveCallable.java:12)
	at org.springframework.test.context.junit4.SpringJUnit4ClassRunner.methodBlock(SpringJUnit4ClassRunner.java:289)
	at org.springframework.test.context.junit4.SpringJUnit4ClassRunner.runChild(SpringJUnit4ClassRunner.java:247)
	at org.springframework.test.context.junit4.SpringJUnit4ClassRunner.runChild(SpringJUnit4ClassRunner.java:94)
	at org.junit.runners.ParentRunner$3.run(ParentRunner.java:290)
	at org.junit.runners.ParentRunner$1.schedule(ParentRunner.java:71)
	at org.junit.runners.ParentRunner.runChildren(ParentRunner.java:288)
	at org.junit.runners.ParentRunner.access$000(ParentRunner.java:58)
	at org.junit.runners.ParentRunner$2.evaluate(ParentRunner.java:268)
	at org.springframework.test.context.junit4.statements.RunBeforeTestClassCallbacks.evaluate(RunBeforeTestClassCallbacks.java:61)
	at org.junit.internal.runners.statements.RunAfters.evaluate(RunAfters.java:27)
	at org.springframework.test.context.junit4.statements.RunAfterTestClassCallbacks.evaluate(RunAfterTestClassCallbacks.java:70)
	at org.junit.runners.ParentRunner.run(ParentRunner.java:363)
	at org.springframework.test.context.junit4.SpringJUnit4ClassRunner.run(SpringJUnit4ClassRunner.java:191)
	at org.apache.maven.surefire.junit4.JUnit4Provider.execute(JUnit4Provider.java:283)
	at org.apache.maven.surefire.junit4.JUnit4Provider.executeWithRerun(JUnit4Provider.java:173)
	at org.apache.maven.surefire.junit4.JUnit4Provider.executeTestSet(JUnit4Provider.java:153)
	at org.apache.maven.surefire.junit4.JUnit4Provider.invoke(JUnit4Provider.java:128)
	at org.apache.maven.surefire.booter.ForkedBooter.invokeProviderInSameClassLoader(ForkedBooter.java:203)
	at org.apache.maven.surefire.booter.ForkedBooter.runSuitesInProcess(ForkedBooter.java:155)
	at org.apache.maven.surefire.booter.ForkedBooter.main(ForkedBooter.java:103)
Caused by: org.springframework.beans.factory.BeanCreationException: Error creating bean with name 'initService': Invocation of init method failed; nested exception is java.lang.NullPointerException
	at org.springframework.beans.factory.annotation.InitDestroyAnnotationBeanPostProcessor.postProcessBeforeInitialization(InitDestroyAnnotationBeanPostProcessor.java:137)
	at org.springframework.beans.factory.support.AbstractAutowireCapableBeanFactory.applyBeanPostProcessorsBeforeInitialization(AbstractAutowireCapableBeanFactory.java:408)
	at org.springframework.beans.factory.support.AbstractAutowireCapableBeanFactory.initializeBean(AbstractAutowireCapableBeanFactory.java:1575)
	at org.springframework.beans.factory.support.AbstractAutowireCapableBeanFactory.doCreateBean(AbstractAutowireCapableBeanFactory.java:553)
	at org.springframework.beans.factory.support.AbstractAutowireCapableBeanFactory.createBean(AbstractAutowireCapableBeanFactory.java:482)
	at org.springframework.beans.factory.support.AbstractBeanFactory$1.getObject(AbstractBeanFactory.java:306)
	at org.springframework.beans.factory.support.DefaultSingletonBeanRegistry.getSingleton(DefaultSingletonBeanRegistry.java:230)
	at org.springframework.beans.factory.support.AbstractBeanFactory.doGetBean(AbstractBeanFactory.java:302)
	at org.springframework.beans.factory.support.AbstractBeanFactory.getBean(AbstractBeanFactory.java:197)
	at org.springframework.beans.factory.support.DefaultListableBeanFactory.preInstantiateSingletons(DefaultListableBeanFactory.java:754)
	at org.springframework.context.support.AbstractApplicationContext.finishBeanFactoryInitialization(AbstractApplicationContext.java:866)
	at org.springframework.context.support.AbstractApplicationContext.refresh(AbstractApplicationContext.java:542)
	at org.springframework.boot.context.embedded.EmbeddedWebApplicationContext.refresh(EmbeddedWebApplicationContext.java:122)
	at org.springframework.boot.SpringApplication.refresh(SpringApplication.java:761)
	at org.springframework.boot.SpringApplication.refreshContext(SpringApplication.java:371)
	at org.springframework.boot.SpringApplication.run(SpringApplication.java:315)
	at org.springframework.boot.test.context.SpringBootContextLoader.loadContext(SpringBootContextLoader.java:111)
	at org.springframework.test.context.cache.DefaultCacheAwareContextLoaderDelegate.loadContextInternal(DefaultCacheAwareContextLoaderDelegate.java:98)
	at org.springframework.test.context.cache.DefaultCacheAwareContextLoaderDelegate.loadContext(DefaultCacheAwareContextLoaderDelegate.java:116)
	at org.springframework.test.context.support.DefaultTestContext.getApplicationContext(DefaultTestContext.java:83)
	at org.springframework.boot.test.autoconfigure.SpringBootDependencyInjectionTestExecutionListener.prepareTestInstance(SpringBootDependencyInjectionTestExecutionListener.java:47)
	at org.springframework.test.context.TestContextManager.prepareTestInstance(TestContextManager.java:230)
	at org.springframework.test.context.junit4.SpringJUnit4ClassRunner.createTest(SpringJUnit4ClassRunner.java:228)
	at org.springframework.test.context.junit4.SpringJUnit4ClassRunner$1.runReflectiveCall(SpringJUnit4ClassRunner.java:287)
	at org.junit.internal.runners.model.ReflectiveCallable.run(ReflectiveCallable.java:12)
	at org.springframework.test.context.junit4.SpringJUnit4ClassRunner.methodBlock(SpringJUnit4ClassRunner.java:289)
	at org.springframework.test.context.junit4.SpringJUnit4ClassRunner.runChild(SpringJUnit4ClassRunner.java:247)
	at org.springframework.test.context.junit4.SpringJUnit4ClassRunner.runChild(SpringJUnit4ClassRunner.java:94)
	at org.junit.runners.ParentRunner$3.run(ParentRunner.java:290)
	at org.junit.runners.ParentRunner$1.schedule(ParentRunner.java:71)
	at org.junit.runners.ParentRunner.runChildren(ParentRunner.java:288)
	at org.junit.runners.ParentRunner.access$000(ParentRunner.java:58)
	at org.junit.runners.ParentRunner$2.evaluate(ParentRunner.java:268)
	at org.springframework.test.context.junit4.statements.RunBeforeTestClassCallbacks.evaluate(RunBeforeTestClassCallbacks.java:61)
	at org.junit.internal.runners.statements.RunAfters.evaluate(RunAfters.java:27)
	at org.springframework.test.context.junit4.statements.RunAfterTestClassCallbacks.evaluate(RunAfterTestClassCallbacks.java:70)
	at org.junit.runners.ParentRunner.run(ParentRunner.java:363)
	at org.springframework.test.context.junit4.SpringJUnit4ClassRunner.run(SpringJUnit4ClassRunner.java:191)
	at org.apache.maven.surefire.junit4.JUnit4Provider.execute(JUnit4Provider.java:283)
	at org.apache.maven.surefire.junit4.JUnit4Provider.executeWithRerun(JUnit4Provider.java:173)
	at org.apache.maven.surefire.junit4.JUnit4Provider.executeTestSet(JUnit4Provider.java:153)
	at org.apache.maven.surefire.junit4.JUnit4Provider.invoke(JUnit4Provider.java:128)
	at org.apache.maven.surefire.booter.ForkedBooter.invokeProviderInSameClassLoader(ForkedBooter.java:203)
	at org.apache.maven.surefire.booter.ForkedBooter.runSuitesInProcess(ForkedBooter.java:155)
	at org.apache.maven.surefire.booter.ForkedBooter.main(ForkedBooter.java:103)
Caused by: java.lang.NullPointerException: null
	at wad.service.GenreService.addGenreToBook(GenreService.java:88)
	at wad.service.GenreService$$FastClassBySpringCGLIB$$eb00b0ff.invoke(<generated>)
	at org.springframework.cglib.proxy.MethodProxy.invoke(MethodProxy.java:204)
	at org.springframework.aop.framework.CglibAopProxy$CglibMethodInvocation.invokeJoinpoint(CglibAopProxy.java:720)
	at org.springframework.aop.framework.ReflectiveMethodInvocation.proceed(ReflectiveMethodInvocation.java:157)
	at org.springframework.transaction.interceptor.TransactionInterceptor$1.proceedWithInvocation(TransactionInterceptor.java:99)
	at org.springframework.transaction.interceptor.TransactionAspectSupport.invokeWithinTransaction(TransactionAspectSupport.java:282)
	at org.springframework.transaction.interceptor.TransactionInterceptor.invoke(TransactionInterceptor.java:96)
	at org.springframework.aop.framework.ReflectiveMethodInvocation.proceed(ReflectiveMethodInvocation.java:179)
	at org.springframework.aop.framework.CglibAopProxy$DynamicAdvisedInterceptor.intercept(CglibAopProxy.java:655)
	at wad.service.GenreService$$EnhancerBySpringCGLIB$$ef2c0272.addGenreToBook(<generated>)
	at wad.service.BookService.save(BookService.java:61)
	at wad.service.InitService.initBooks(InitService.java:64)
	at wad.service.InitService.initAuthors(InitService.java:59)
	at sun.reflect.NativeMethodAccessorImpl.invoke0(Native Method)
	at sun.reflect.NativeMethodAccessorImpl.invoke(NativeMethodAccessorImpl.java:62)
	at sun.reflect.DelegatingMethodAccessorImpl.invoke(DelegatingMethodAccessorImpl.java:43)
	at java.lang.reflect.Method.invoke(Method.java:497)
	at org.springframework.beans.factory.annotation.InitDestroyAnnotationBeanPostProcessor$LifecycleElement.invoke(InitDestroyAnnotationBeanPostProcessor.java:366)
	at org.springframework.beans.factory.annotation.InitDestroyAnnotationBeanPostProcessor$LifecycleMetadata.invokeInitMethods(InitDestroyAnnotationBeanPostProcessor.java:311)
	at org.springframework.beans.factory.annotation.InitDestroyAnnotationBeanPostProcessor.postProcessBeforeInitialization(InitDestroyAnnotationBeanPostProcessor.java:134)
	at org.springframework.beans.factory.support.AbstractAutowireCapableBeanFactory.applyBeanPostProcessorsBeforeInitialization(AbstractAutowireCapableBeanFactory.java:408)
	at org.springframework.beans.factory.support.AbstractAutowireCapableBeanFactory.initializeBean(AbstractAutowireCapableBeanFactory.java:1575)
	at org.springframework.beans.factory.support.AbstractAutowireCapableBeanFactory.doCreateBean(AbstractAutowireCapableBeanFactory.java:553)
	at org.springframework.beans.factory.support.AbstractAutowireCapableBeanFactory.createBean(AbstractAutowireCapableBeanFactory.java:482)
	at org.springframework.beans.factory.support.AbstractBeanFactory$1.getObject(AbstractBeanFactory.java:306)
	at org.springframework.beans.factory.support.DefaultSingletonBeanRegistry.getSingleton(DefaultSingletonBeanRegistry.java:230)
	at org.springframework.beans.factory.support.AbstractBeanFactory.doGetBean(AbstractBeanFactory.java:302)
	at org.springframework.beans.factory.support.AbstractBeanFactory.getBean(AbstractBeanFactory.java:197)
	at org.springframework.beans.factory.support.DefaultListableBeanFactory.preInstantiateSingletons(DefaultListableBeanFactory.java:754)
	at org.springframework.context.support.AbstractApplicationContext.finishBeanFactoryInitialization(AbstractApplicationContext.java:866)
	at org.springframework.context.support.AbstractApplicationContext.refresh(AbstractApplicationContext.java:542)
	at org.springframework.boot.context.embedded.EmbeddedWebApplicationContext.refresh(EmbeddedWebApplicationContext.java:122)
	at org.springframework.boot.SpringApplication.refresh(SpringApplication.java:761)
	at org.springframework.boot.SpringApplication.refreshContext(SpringApplication.java:371)
	at org.springframework.boot.SpringApplication.run(SpringApplication.java:315)
	at org.springframework.boot.test.context.SpringBootContextLoader.loadContext(SpringBootContextLoader.java:111)
	at org.springframework.test.context.cache.DefaultCacheAwareContextLoaderDelegate.loadContextInternal(DefaultCacheAwareContextLoaderDelegate.java:98)
	at org.springframework.test.context.cache.DefaultCacheAwareContextLoaderDelegate.loadContext(DefaultCacheAwareContextLoaderDelegate.java:116)
	at org.springframework.test.context.support.DefaultTestContext.getApplicationContext(DefaultTestContext.java:83)
	at org.springframework.boot.test.autoconfigure.SpringBootDependencyInjectionTestExecutionListener.prepareTestInstance(SpringBootDependencyInjectionTestExecutionListener.java:47)
	at org.springframework.test.context.TestContextManager.prepareTestInstance(TestContextManager.java:230)
	at org.springframework.test.context.junit4.SpringJUnit4ClassRunner.createTest(SpringJUnit4ClassRunner.java:228)
	at org.springframework.test.context.junit4.SpringJUnit4ClassRunner$1.runReflectiveCall(SpringJUnit4ClassRunner.java:287)
	at org.junit.internal.runners.model.ReflectiveCallable.run(ReflectiveCallable.java:12)
	at org.springframework.test.context.junit4.SpringJUnit4ClassRunner.methodBlock(SpringJUnit4ClassRunner.java:289)
	at org.springframework.test.context.junit4.SpringJUnit4ClassRunner.runChild(SpringJUnit4ClassRunner.java:247)
	at org.springframework.test.context.junit4.SpringJUnit4ClassRunner.runChild(SpringJUnit4ClassRunner.java:94)
	at org.junit.runners.ParentRunner$3.run(ParentRunner.java:290)
	at org.junit.runners.ParentRunner$1.schedule(ParentRunner.java:71)
	at org.junit.runners.ParentRunner.runChildren(ParentRunner.java:288)
	at org.junit.runners.ParentRunner.access$000(ParentRunner.java:58)
	at org.junit.runners.ParentRunner$2.evaluate(ParentRunner.java:268)
	at org.springframework.test.context.junit4.statements.RunBeforeTestClassCallbacks.evaluate(RunBeforeTestClassCallbacks.java:61)
	at org.junit.internal.runners.statements.RunAfters.evaluate(RunAfters.java:27)
	at org.springframework.test.context.junit4.statements.RunAfterTestClassCallbacks.evaluate(RunAfterTestClassCallbacks.java:70)
	at org.junit.runners.ParentRunner.run(ParentRunner.java:363)
	at org.springframework.test.context.junit4.SpringJUnit4ClassRunner.run(SpringJUnit4ClassRunner.java:191)
	at org.apache.maven.surefire.junit4.JUnit4Provider.execute(JUnit4Provider.java:283)
	at org.apache.maven.surefire.junit4.JUnit4Provider.executeWithRerun(JUnit4Provider.java:173)
	at org.apache.maven.surefire.junit4.JUnit4Provider.executeTestSet(JUnit4Provider.java:153)
	at org.apache.maven.surefire.junit4.JUnit4Provider.invoke(JUnit4Provider.java:128)
	at org.apache.maven.surefire.booter.ForkedBooter.invokeProviderInSameClassLoader(ForkedBooter.java:203)
	at org.apache.maven.surefire.booter.ForkedBooter.runSuitesInProcess(ForkedBooter.java:155)
	at org.apache.maven.surefire.booter.ForkedBooter.main(ForkedBooter.java:103)
]]></error>
    <system-out><![CDATA[10:25:00.089 [main] DEBUG org.springframework.test.context.junit4.SpringJUnit4ClassRunner - SpringJUnit4ClassRunner constructor called with [class wad.controller.PathTest]
10:25:00.095 [main] DEBUG org.springframework.test.context.BootstrapUtils - Instantiating CacheAwareContextLoaderDelegate from class [org.springframework.test.context.cache.DefaultCacheAwareContextLoaderDelegate]
10:25:00.103 [main] DEBUG org.springframework.test.context.BootstrapUtils - Instantiating BootstrapContext using constructor [public org.springframework.test.context.support.DefaultBootstrapContext(java.lang.Class,org.springframework.test.context.CacheAwareContextLoaderDelegate)]
10:25:00.116 [main] DEBUG org.springframework.test.context.BootstrapUtils - Instantiating TestContextBootstrapper for test class [wad.controller.PathTest] from class [org.springframework.boot.test.context.SpringBootTestContextBootstrapper]
10:25:00.126 [main] INFO org.springframework.boot.test.context.SpringBootTestContextBootstrapper - Neither @ContextConfiguration nor @ContextHierarchy found for test class [wad.controller.PathTest], using SpringBootContextLoader
10:25:00.129 [main] DEBUG org.springframework.test.context.support.AbstractContextLoader - Did not detect default resource location for test class [wad.controller.PathTest]: class path resource [wad/controller/PathTest-context.xml] does not exist
10:25:00.129 [main] DEBUG org.springframework.test.context.support.AbstractContextLoader - Did not detect default resource location for test class [wad.controller.PathTest]: class path resource [wad/controller/PathTestContext.groovy] does not exist
10:25:00.129 [main] INFO org.springframework.test.context.support.AbstractContextLoader - Could not detect default resource locations for test class [wad.controller.PathTest]: no resource found for suffixes {-context.xml, Context.groovy}.
10:25:00.130 [main] INFO org.springframework.test.context.support.AnnotationConfigContextLoaderUtils - Could not detect default configuration classes for test class [wad.controller.PathTest]: PathTest does not declare any static, non-private, non-final, nested classes annotated with @Configuration.
10:25:00.158 [main] DEBUG org.springframework.test.context.support.ActiveProfilesUtils - Could not find an 'annotation declaring class' for annotation type [org.springframework.test.context.ActiveProfiles] and class [wad.controller.PathTest]
10:25:00.189 [main] DEBUG org.springframework.core.env.StandardEnvironment - Adding [systemProperties] PropertySource with lowest search precedence
10:25:00.189 [main] DEBUG org.springframework.core.env.StandardEnvironment - Adding [systemEnvironment] PropertySource with lowest search precedence
10:25:00.189 [main] DEBUG org.springframework.core.env.StandardEnvironment - Initialized StandardEnvironment with PropertySources [systemProperties,systemEnvironment]
10:25:00.199 [main] DEBUG org.springframework.core.io.support.PathMatchingResourcePatternResolver - Resolved classpath location [wad/controller/] to resources [URL [file:/C:/Users/veke/Desktop/Lopputy%c3%b6/BookShop/target/test-classes/wad/controller/], URL [file:/C:/Users/veke/Desktop/Lopputy%c3%b6/BookShop/target/classes/wad/controller/]]
10:25:00.200 [main] DEBUG org.springframework.core.io.support.PathMatchingResourcePatternResolver - Looking for matching resources in directory tree [C:\Users\veke\Desktop\Lopputyö\BookShop\target\test-classes\wad\controller]
10:25:00.200 [main] DEBUG org.springframework.core.io.support.PathMatchingResourcePatternResolver - Searching directory [C:\Users\veke\Desktop\Lopputyö\BookShop\target\test-classes\wad\controller] for files matching pattern [C:/Users/veke/Desktop/Lopputyö/BookShop/target/test-classes/wad/controller/*.class]
10:25:00.202 [main] DEBUG org.springframework.core.io.support.PathMatchingResourcePatternResolver - Looking for matching resources in directory tree [C:\Users\veke\Desktop\Lopputyö\BookShop\target\classes\wad\controller]
10:25:00.202 [main] DEBUG org.springframework.core.io.support.PathMatchingResourcePatternResolver - Searching directory [C:\Users\veke\Desktop\Lopputyö\BookShop\target\classes\wad\controller] for files matching pattern [C:/Users/veke/Desktop/Lopputyö/BookShop/target/classes/wad/controller/*.class]
10:25:00.203 [main] DEBUG org.springframework.core.io.support.PathMatchingResourcePatternResolver - Resolved location pattern [classpath*:wad/controller/*.class] to resources [file [C:\Users\veke\Desktop\Lopputyö\BookShop\target\test-classes\wad\controller\PathTest.class], file [C:\Users\veke\Desktop\Lopputyö\BookShop\target\classes\wad\controller\AuthorController.class], file [C:\Users\veke\Desktop\Lopputyö\BookShop\target\classes\wad\controller\BookController.class], file [C:\Users\veke\Desktop\Lopputyö\BookShop\target\classes\wad\controller\CartController.class], file [C:\Users\veke\Desktop\Lopputyö\BookShop\target\classes\wad\controller\DefaultController.class], file [C:\Users\veke\Desktop\Lopputyö\BookShop\target\classes\wad\controller\GenreController.class], file [C:\Users\veke\Desktop\Lopputyö\BookShop\target\classes\wad\controller\OrderController.class]]
10:25:00.223 [main] DEBUG org.springframework.core.io.support.PathMatchingResourcePatternResolver - Resolved classpath location [wad/] to resources [URL [file:/C:/Users/veke/Desktop/Lopputy%c3%b6/BookShop/target/test-classes/wad/], URL [file:/C:/Users/veke/Desktop/Lopputy%c3%b6/BookShop/target/classes/wad/]]
10:25:00.223 [main] DEBUG org.springframework.core.io.support.PathMatchingResourcePatternResolver - Looking for matching resources in directory tree [C:\Users\veke\Desktop\Lopputyö\BookShop\target\test-classes\wad]
10:25:00.223 [main] DEBUG org.springframework.core.io.support.PathMatchingResourcePatternResolver - Searching directory [C:\Users\veke\Desktop\Lopputyö\BookShop\target\test-classes\wad] for files matching pattern [C:/Users/veke/Desktop/Lopputyö/BookShop/target/test-classes/wad/*.class]
10:25:00.224 [main] DEBUG org.springframework.core.io.support.PathMatchingResourcePatternResolver - Looking for matching resources in directory tree [C:\Users\veke\Desktop\Lopputyö\BookShop\target\classes\wad]
10:25:00.224 [main] DEBUG org.springframework.core.io.support.PathMatchingResourcePatternResolver - Searching directory [C:\Users\veke\Desktop\Lopputyö\BookShop\target\classes\wad] for files matching pattern [C:/Users/veke/Desktop/Lopputyö/BookShop/target/classes/wad/*.class]
10:25:00.225 [main] DEBUG org.springframework.core.io.support.PathMatchingResourcePatternResolver - Resolved location pattern [classpath*:wad/*.class] to resources [file [C:\Users\veke\Desktop\Lopputyö\BookShop\target\test-classes\wad\AbstractControllerTest.class], file [C:\Users\veke\Desktop\Lopputyö\BookShop\target\test-classes\wad\AbstractTest.class], file [C:\Users\veke\Desktop\Lopputyö\BookShop\target\classes\wad\OnlyForTheSelectedApplication.class]]
10:25:00.247 [main] DEBUG org.springframework.context.annotation.ClassPathScanningCandidateComponentProvider - Identified candidate component class: file [C:\Users\veke\Desktop\Lopputyö\BookShop\target\classes\wad\OnlyForTheSelectedApplication.class]
10:25:00.247 [main] INFO org.springframework.boot.test.context.SpringBootTestContextBootstrapper - Found @SpringBootConfiguration wad.OnlyForTheSelectedApplication for test class wad.controller.PathTest
10:25:00.248 [main] DEBUG org.springframework.boot.test.context.SpringBootTestContextBootstrapper - @TestExecutionListeners is not present for class [wad.controller.PathTest]: using defaults.
10:25:00.251 [main] INFO org.springframework.boot.test.context.SpringBootTestContextBootstrapper - Loaded default TestExecutionListener class names from location [META-INF/spring.factories]: [org.springframework.boot.test.mock.mockito.MockitoTestExecutionListener, org.springframework.boot.test.mock.mockito.ResetMocksTestExecutionListener, org.springframework.boot.test.autoconfigure.restdocs.RestDocsTestExecutionListener, org.springframework.boot.test.autoconfigure.web.client.MockRestServiceServerResetTestExecutionListener, org.springframework.boot.test.autoconfigure.web.servlet.MockMvcPrintOnlyOnFailureTestExecutionListener, org.springframework.boot.test.autoconfigure.web.servlet.WebDriverTestExecutionListener, org.springframework.test.context.web.ServletTestExecutionListener, org.springframework.test.context.support.DirtiesContextBeforeModesTestExecutionListener, org.springframework.test.context.support.DependencyInjectionTestExecutionListener, org.springframework.test.context.support.DirtiesContextTestExecutionListener, org.springframework.test.context.transaction.TransactionalTestExecutionListener, org.springframework.test.context.jdbc.SqlScriptsTestExecutionListener]
10:25:00.267 [main] INFO org.springframework.boot.test.context.SpringBootTestContextBootstrapper - Using TestExecutionListeners: [org.springframework.test.context.web.ServletTestExecutionListener@1f0f1111, org.springframework.test.context.support.DirtiesContextBeforeModesTestExecutionListener@49c386c8, org.springframework.boot.test.autoconfigure.SpringBootDependencyInjectionTestExecutionListener@56528192, org.springframework.test.context.support.DirtiesContextTestExecutionListener@6e0dec4a, org.springframework.test.context.transaction.TransactionalTestExecutionListener@96def03, org.springframework.test.context.jdbc.SqlScriptsTestExecutionListener@5ccddd20, org.springframework.boot.test.mock.mockito.MockitoTestExecutionListener@1ed1993a, org.springframework.boot.test.autoconfigure.web.servlet.MockMvcPrintOnlyOnFailureTestExecutionListener@1f3f4916, org.springframework.boot.test.autoconfigure.web.client.MockRestServiceServerResetTestExecutionListener@794cb805, org.springframework.boot.test.autoconfigure.restdocs.RestDocsTestExecutionListener@4b5a5ed1, org.springframework.boot.test.autoconfigure.web.servlet.WebDriverTestExecutionListener@59d016c9, org.springframework.boot.test.mock.mockito.ResetMocksTestExecutionListener@3cc2931c]
10:25:00.270 [main] DEBUG org.springframework.test.context.junit4.SpringJUnit4ClassRunner - SpringJUnit4ClassRunner constructor called with [class wad.service.ServiceTest]
10:25:00.270 [main] DEBUG org.springframework.test.context.BootstrapUtils - Instantiating CacheAwareContextLoaderDelegate from class [org.springframework.test.context.cache.DefaultCacheAwareContextLoaderDelegate]
10:25:00.270 [main] DEBUG org.springframework.test.context.BootstrapUtils - Instantiating BootstrapContext using constructor [public org.springframework.test.context.support.DefaultBootstrapContext(java.lang.Class,org.springframework.test.context.CacheAwareContextLoaderDelegate)]
10:25:00.271 [main] DEBUG org.springframework.test.context.BootstrapUtils - Instantiating TestContextBootstrapper for test class [wad.service.ServiceTest] from class [org.springframework.test.context.support.DefaultTestContextBootstrapper]
10:25:00.276 [main] DEBUG org.springframework.test.context.support.DefaultTestContextBootstrapper - Found explicit ContextLoader class [org.springframework.boot.test.SpringApplicationContextLoader] for context configuration attributes [ContextConfigurationAttributes@6af93788 declaringClass = 'wad.AbstractTest', classes = '{class wad.OnlyForTheSelectedApplication}', locations = '{}', inheritLocations = true, initializers = '{}', inheritInitializers = true, name = [null], contextLoaderClass = 'org.springframework.boot.test.SpringApplicationContextLoader']
10:25:00.277 [main] DEBUG org.springframework.test.context.support.AbstractContextLoader - Did not detect default resource location for test class [wad.AbstractTest]: class path resource [wad/AbstractTest-context.xml] does not exist
10:25:00.277 [main] DEBUG org.springframework.test.context.support.AbstractContextLoader - Did not detect default resource location for test class [wad.AbstractTest]: class path resource [wad/AbstractTestContext.groovy] does not exist
10:25:00.277 [main] INFO org.springframework.test.context.support.AbstractContextLoader - Could not detect default resource locations for test class [wad.AbstractTest]: no resource found for suffixes {-context.xml, Context.groovy}.
10:25:00.282 [main] DEBUG org.springframework.test.context.support.ActiveProfilesUtils - Could not find an 'annotation declaring class' for annotation type [org.springframework.test.context.ActiveProfiles] and class [wad.service.ServiceTest]
10:25:00.283 [main] DEBUG org.springframework.test.context.support.DefaultTestContextBootstrapper - @TestExecutionListeners is not present for class [wad.service.ServiceTest]: using defaults.
10:25:00.285 [main] INFO org.springframework.test.context.support.DefaultTestContextBootstrapper - Loaded default TestExecutionListener class names from location [META-INF/spring.factories]: [org.springframework.boot.test.mock.mockito.MockitoTestExecutionListener, org.springframework.boot.test.mock.mockito.ResetMocksTestExecutionListener, org.springframework.boot.test.autoconfigure.restdocs.RestDocsTestExecutionListener, org.springframework.boot.test.autoconfigure.web.client.MockRestServiceServerResetTestExecutionListener, org.springframework.boot.test.autoconfigure.web.servlet.MockMvcPrintOnlyOnFailureTestExecutionListener, org.springframework.boot.test.autoconfigure.web.servlet.WebDriverTestExecutionListener, org.springframework.test.context.web.ServletTestExecutionListener, org.springframework.test.context.support.DirtiesContextBeforeModesTestExecutionListener, org.springframework.test.context.support.DependencyInjectionTestExecutionListener, org.springframework.test.context.support.DirtiesContextTestExecutionListener, org.springframework.test.context.transaction.TransactionalTestExecutionListener, org.springframework.test.context.jdbc.SqlScriptsTestExecutionListener]
10:25:00.285 [main] INFO org.springframework.test.context.support.DefaultTestContextBootstrapper - Using TestExecutionListeners: [org.springframework.test.context.web.ServletTestExecutionListener@2e4b8173, org.springframework.test.context.support.DirtiesContextBeforeModesTestExecutionListener@70e8f8e, org.springframework.test.context.support.DependencyInjectionTestExecutionListener@17046283, org.springframework.test.context.support.DirtiesContextTestExecutionListener@5bd03f44, org.springframework.test.context.transaction.TransactionalTestExecutionListener@29626d54, org.springframework.test.context.jdbc.SqlScriptsTestExecutionListener@5a63f509, org.springframework.boot.test.mock.mockito.MockitoTestExecutionListener@6e4784bc, org.springframework.boot.test.autoconfigure.web.servlet.MockMvcPrintOnlyOnFailureTestExecutionListener@34b7ac2f, org.springframework.boot.test.autoconfigure.web.client.MockRestServiceServerResetTestExecutionListener@e056f20, org.springframework.boot.test.autoconfigure.restdocs.RestDocsTestExecutionListener@4b0b0854, org.springframework.boot.test.autoconfigure.web.servlet.WebDriverTestExecutionListener@19bb07ed, org.springframework.boot.test.mock.mockito.ResetMocksTestExecutionListener@10e41621]
10:25:00.288 [main] DEBUG org.springframework.test.annotation.ProfileValueUtils - Retrieved @ProfileValueSourceConfiguration [null] for test class [wad.controller.PathTest]
10:25:00.290 [main] DEBUG org.springframework.test.annotation.ProfileValueUtils - Retrieved ProfileValueSource type [class org.springframework.test.annotation.SystemProfileValueSource] for class [wad.controller.PathTest]
10:25:00.291 [main] DEBUG org.springframework.test.annotation.ProfileValueUtils - Retrieved @ProfileValueSourceConfiguration [null] for test class [wad.service.ServiceTest]
10:25:00.291 [main] DEBUG org.springframework.test.annotation.ProfileValueUtils - Retrieved ProfileValueSource type [class org.springframework.test.annotation.SystemProfileValueSource] for class [wad.service.ServiceTest]
10:25:00.293 [main] DEBUG org.springframework.test.context.junit4.SpringJUnit4ClassRunner - SpringJUnit4ClassRunner constructor called with [class wad.controller.PathTest]
10:25:00.293 [main] DEBUG org.springframework.test.context.BootstrapUtils - Instantiating CacheAwareContextLoaderDelegate from class [org.springframework.test.context.cache.DefaultCacheAwareContextLoaderDelegate]
10:25:00.293 [main] DEBUG org.springframework.test.context.BootstrapUtils - Instantiating BootstrapContext using constructor [public org.springframework.test.context.support.DefaultBootstrapContext(java.lang.Class,org.springframework.test.context.CacheAwareContextLoaderDelegate)]
10:25:00.293 [main] DEBUG org.springframework.test.context.BootstrapUtils - Instantiating TestContextBootstrapper for test class [wad.controller.PathTest] from class [org.springframework.boot.test.context.SpringBootTestContextBootstrapper]
10:25:00.293 [main] INFO org.springframework.boot.test.context.SpringBootTestContextBootstrapper - Neither @ContextConfiguration nor @ContextHierarchy found for test class [wad.controller.PathTest], using SpringBootContextLoader
10:25:00.294 [main] DEBUG org.springframework.test.context.support.AbstractContextLoader - Did not detect default resource location for test class [wad.controller.PathTest]: class path resource [wad/controller/PathTest-context.xml] does not exist
10:25:00.294 [main] DEBUG org.springframework.test.context.support.AbstractContextLoader - Did not detect default resource location for test class [wad.controller.PathTest]: class path resource [wad/controller/PathTestContext.groovy] does not exist
10:25:00.294 [main] INFO org.springframework.test.context.support.AbstractContextLoader - Could not detect default resource locations for test class [wad.controller.PathTest]: no resource found for suffixes {-context.xml, Context.groovy}.
10:25:00.294 [main] INFO org.springframework.test.context.support.AnnotationConfigContextLoaderUtils - Could not detect default configuration classes for test class [wad.controller.PathTest]: PathTest does not declare any static, non-private, non-final, nested classes annotated with @Configuration.
10:25:00.297 [main] DEBUG org.springframework.test.context.support.ActiveProfilesUtils - Could not find an 'annotation declaring class' for annotation type [org.springframework.test.context.ActiveProfiles] and class [wad.controller.PathTest]
10:25:00.298 [main] DEBUG org.springframework.core.env.StandardEnvironment - Adding [systemProperties] PropertySource with lowest search precedence
10:25:00.298 [main] DEBUG org.springframework.core.env.StandardEnvironment - Adding [systemEnvironment] PropertySource with lowest search precedence
10:25:00.298 [main] DEBUG org.springframework.core.env.StandardEnvironment - Initialized StandardEnvironment with PropertySources [systemProperties,systemEnvironment]
10:25:00.298 [main] INFO org.springframework.boot.test.context.SpringBootTestContextBootstrapper - Found @SpringBootConfiguration wad.OnlyForTheSelectedApplication for test class wad.controller.PathTest
10:25:00.299 [main] DEBUG org.springframework.boot.test.context.SpringBootTestContextBootstrapper - @TestExecutionListeners is not present for class [wad.controller.PathTest]: using defaults.
10:25:00.301 [main] INFO org.springframework.boot.test.context.SpringBootTestContextBootstrapper - Loaded default TestExecutionListener class names from location [META-INF/spring.factories]: [org.springframework.boot.test.mock.mockito.MockitoTestExecutionListener, org.springframework.boot.test.mock.mockito.ResetMocksTestExecutionListener, org.springframework.boot.test.autoconfigure.restdocs.RestDocsTestExecutionListener, org.springframework.boot.test.autoconfigure.web.client.MockRestServiceServerResetTestExecutionListener, org.springframework.boot.test.autoconfigure.web.servlet.MockMvcPrintOnlyOnFailureTestExecutionListener, org.springframework.boot.test.autoconfigure.web.servlet.WebDriverTestExecutionListener, org.springframework.test.context.web.ServletTestExecutionListener, org.springframework.test.context.support.DirtiesContextBeforeModesTestExecutionListener, org.springframework.test.context.support.DependencyInjectionTestExecutionListener, org.springframework.test.context.support.DirtiesContextTestExecutionListener, org.springframework.test.context.transaction.TransactionalTestExecutionListener, org.springframework.test.context.jdbc.SqlScriptsTestExecutionListener]
10:25:00.304 [main] INFO org.springframework.boot.test.context.SpringBootTestContextBootstrapper - Using TestExecutionListeners: [org.springframework.test.context.web.ServletTestExecutionListener@72057ecf, org.springframework.test.context.support.DirtiesContextBeforeModesTestExecutionListener@1afd44cb, org.springframework.boot.test.autoconfigure.SpringBootDependencyInjectionTestExecutionListener@6973b51b, org.springframework.test.context.support.DirtiesContextTestExecutionListener@1ab3a8c8, org.springframework.test.context.transaction.TransactionalTestExecutionListener@43195e57, org.springframework.test.context.jdbc.SqlScriptsTestExecutionListener@333291e3, org.springframework.boot.test.mock.mockito.MockitoTestExecutionListener@479d31f3, org.springframework.boot.test.autoconfigure.web.servlet.MockMvcPrintOnlyOnFailureTestExecutionListener@40ef3420, org.springframework.boot.test.autoconfigure.web.client.MockRestServiceServerResetTestExecutionListener@498d318c, org.springframework.boot.test.autoconfigure.restdocs.RestDocsTestExecutionListener@6e171cd7, org.springframework.boot.test.autoconfigure.web.servlet.WebDriverTestExecutionListener@402bba4f, org.springframework.boot.test.mock.mockito.ResetMocksTestExecutionListener@795cd85e]
10:25:00.304 [main] DEBUG org.springframework.test.annotation.ProfileValueUtils - Retrieved @ProfileValueSourceConfiguration [null] for test class [wad.controller.PathTest]
10:25:00.304 [main] DEBUG org.springframework.test.annotation.ProfileValueUtils - Retrieved ProfileValueSource type [class org.springframework.test.annotation.SystemProfileValueSource] for class [wad.controller.PathTest]
10:25:00.305 [main] DEBUG org.springframework.test.annotation.ProfileValueUtils - Retrieved @ProfileValueSourceConfiguration [null] for test class [wad.controller.PathTest]
10:25:00.305 [main] DEBUG org.springframework.test.annotation.ProfileValueUtils - Retrieved ProfileValueSource type [class org.springframework.test.annotation.SystemProfileValueSource] for class [wad.controller.PathTest]
10:25:00.306 [main] DEBUG org.springframework.test.context.support.AbstractDirtiesContextTestExecutionListener - Before test class: context [DefaultTestContext@441772e testClass = PathTest, testInstance = [null], testMethod = [null], testException = [null], mergedContextConfiguration = [WebMergedContextConfiguration@7334aada testClass = PathTest, locations = '{}', classes = '{class wad.OnlyForTheSelectedApplication}', contextInitializerClasses = '[]', activeProfiles = '{}', propertySourceLocations = '{}', propertySourceProperties = '{org.springframework.boot.test.context.SpringBootTestContextBootstrapper=true, server.port=0}', contextCustomizers = set[org.springframework.boot.test.context.SpringBootTestContextCustomizer@5bcea91b, org.springframework.boot.test.context.filter.ExcludeFilterContextCustomizer@670b40af, org.springframework.boot.test.mock.mockito.MockitoContextCustomizer@0, org.springframework.boot.test.autoconfigure.properties.PropertyMappingContextCustomizer@0, org.springframework.boot.test.autoconfigure.web.servlet.WebDriverContextCustomizerFactory$Customizer@192d3247], resourceBasePath = 'src/main/webapp', contextLoader = 'org.springframework.boot.test.context.SpringBootContextLoader', parent = [null]]], class annotated with @DirtiesContext [false] with mode [null].
10:25:00.307 [main] DEBUG org.springframework.test.annotation.ProfileValueUtils - Retrieved @ProfileValueSourceConfiguration [null] for test class [wad.controller.PathTest]
10:25:00.307 [main] DEBUG org.springframework.test.annotation.ProfileValueUtils - Retrieved ProfileValueSource type [class org.springframework.test.annotation.SystemProfileValueSource] for class [wad.controller.PathTest]
10:25:00.823 [main] DEBUG com.gargoylesoftware.htmlunit.WebClient - Get page for window named '', using WebRequest[<url="about:blank", GET, EncodingType[name=application/x-www-form-urlencoded], [], {Accept=text/html,application/xhtml+xml,application/xml;q=0.9,*/*;q=0.8, Accept-Encoding=gzip, deflate}, null>]
10:25:00.843 [main] DEBUG com.gargoylesoftware.htmlunit.WebWindowImpl - setEnclosedPage: HtmlPage(about:blank)@2023917549
10:25:00.843 [main] DEBUG com.gargoylesoftware.htmlunit.WebWindowImpl - destroyChildren
10:25:00.921 [main] DEBUG com.gargoylesoftware.htmlunit.util.EncodingSniffer - Encoding found in HTTP headers: 'UTF-8'.
10:25:00.930 [main] DEBUG com.gargoylesoftware.htmlunit.javascript.configuration.AbstractJavaScriptConfiguration - Mapping com.gargoylesoftware.htmlunit.svg.SvgForeignObject to SVGForeignObjectElement
10:25:00.930 [main] DEBUG com.gargoylesoftware.htmlunit.javascript.configuration.AbstractJavaScriptConfiguration - Mapping com.gargoylesoftware.htmlunit.svg.SvgFeDiffuseLighting to SVGFEDiffuseLightingElement
10:25:00.930 [main] DEBUG com.gargoylesoftware.htmlunit.javascript.configuration.AbstractJavaScriptConfiguration - Mapping com.gargoylesoftware.htmlunit.html.HtmlSpan to HTMLSpanElement
10:25:00.930 [main] DEBUG com.gargoylesoftware.htmlunit.javascript.configuration.AbstractJavaScriptConfiguration - Mapping com.gargoylesoftware.htmlunit.html.HtmlKeygen to HTMLSpanElement
10:25:00.930 [main] DEBUG com.gargoylesoftware.htmlunit.javascript.configuration.AbstractJavaScriptConfiguration - Mapping com.gargoylesoftware.htmlunit.svg.SvgFeColorMatrix to SVGFEColorMatrixElement
10:25:00.930 [main] DEBUG com.gargoylesoftware.htmlunit.javascript.configuration.AbstractJavaScriptConfiguration - Mapping com.gargoylesoftware.htmlunit.html.HtmlMarquee to HTMLDivElement
10:25:00.930 [main] DEBUG com.gargoylesoftware.htmlunit.javascript.configuration.AbstractJavaScriptConfiguration - Mapping com.gargoylesoftware.htmlunit.html.HtmlDivision to HTMLDivElement
10:25:00.930 [main] DEBUG com.gargoylesoftware.htmlunit.javascript.configuration.AbstractJavaScriptConfiguration - Mapping com.gargoylesoftware.htmlunit.html.HtmlTime to HTMLTimeElement
10:25:00.930 [main] DEBUG com.gargoylesoftware.htmlunit.javascript.configuration.AbstractJavaScriptConfiguration - Mapping com.gargoylesoftware.htmlunit.svg.SvgFeDistantLight to SVGFEDistantLightElement
10:25:00.930 [main] DEBUG com.gargoylesoftware.htmlunit.javascript.configuration.AbstractJavaScriptConfiguration - Mapping com.gargoylesoftware.htmlunit.html.HtmlFrameSet to HTMLFrameSetElement
10:25:00.930 [main] DEBUG com.gargoylesoftware.htmlunit.javascript.configuration.AbstractJavaScriptConfiguration - Mapping com.gargoylesoftware.htmlunit.html.HtmlOption to HTMLOptionElement
10:25:00.931 [main] DEBUG com.gargoylesoftware.htmlunit.javascript.configuration.AbstractJavaScriptConfiguration - Mapping com.gargoylesoftware.htmlunit.svg.SvgFeFlood to SVGFEFloodElement
10:25:00.931 [main] DEBUG com.gargoylesoftware.htmlunit.javascript.configuration.AbstractJavaScriptConfiguration - Mapping com.gargoylesoftware.htmlunit.html.HtmlBase to HTMLBaseElement
10:25:00.931 [main] DEBUG com.gargoylesoftware.htmlunit.javascript.configuration.AbstractJavaScriptConfiguration - Mapping com.gargoylesoftware.htmlunit.html.HtmlMap to HTMLMapElement
10:25:00.931 [main] DEBUG com.gargoylesoftware.htmlunit.javascript.configuration.AbstractJavaScriptConfiguration - Mapping com.gargoylesoftware.htmlunit.html.HtmlSelect to HTMLSelectElement
10:25:00.931 [main] DEBUG com.gargoylesoftware.htmlunit.javascript.configuration.AbstractJavaScriptConfiguration - Mapping com.gargoylesoftware.htmlunit.svg.SvgMetadata to SVGMetadataElement
10:25:00.931 [main] DEBUG com.gargoylesoftware.htmlunit.javascript.configuration.AbstractJavaScriptConfiguration - Mapping com.gargoylesoftware.htmlunit.svg.SvgUse to SVGUseElement
10:25:00.931 [main] DEBUG com.gargoylesoftware.htmlunit.javascript.configuration.AbstractJavaScriptConfiguration - Mapping com.gargoylesoftware.htmlunit.html.HtmlHorizontalRule to HTMLHRElement
10:25:00.931 [main] DEBUG com.gargoylesoftware.htmlunit.javascript.configuration.AbstractJavaScriptConfiguration - Mapping com.gargoylesoftware.htmlunit.svg.SvgRadialGradient to SVGRadialGradientElement
10:25:00.931 [main] DEBUG com.gargoylesoftware.htmlunit.javascript.configuration.AbstractJavaScriptConfiguration - Mapping com.gargoylesoftware.htmlunit.svg.SvgFeMergeNode to SVGFEMergeNodeElement
10:25:00.931 [main] DEBUG com.gargoylesoftware.htmlunit.javascript.configuration.AbstractJavaScriptConfiguration - Mapping com.gargoylesoftware.htmlunit.html.HtmlTemplate to HTMLTemplateElement
10:25:00.931 [main] DEBUG com.gargoylesoftware.htmlunit.javascript.configuration.AbstractJavaScriptConfiguration - Mapping com.gargoylesoftware.htmlunit.html.HtmlDirectory to HTMLDirectoryElement
10:25:00.931 [main] DEBUG com.gargoylesoftware.htmlunit.javascript.configuration.AbstractJavaScriptConfiguration - Mapping com.gargoylesoftware.htmlunit.html.HtmlForm to HTMLFormElement
10:25:00.931 [main] DEBUG com.gargoylesoftware.htmlunit.javascript.configuration.AbstractJavaScriptConfiguration - Mapping com.gargoylesoftware.htmlunit.html.HtmlOutput to HTMLOutputElement
10:25:00.931 [main] DEBUG com.gargoylesoftware.htmlunit.javascript.configuration.AbstractJavaScriptConfiguration - Mapping com.gargoylesoftware.htmlunit.html.HtmlUnorderedList to HTMLUListElement
10:25:00.931 [main] DEBUG com.gargoylesoftware.htmlunit.javascript.configuration.AbstractJavaScriptConfiguration - Mapping com.gargoylesoftware.htmlunit.svg.SvgFeFuncA to SVGFEFuncAElement
10:25:00.931 [main] DEBUG com.gargoylesoftware.htmlunit.javascript.configuration.AbstractJavaScriptConfiguration - Mapping java.lang.Object to External
10:25:00.931 [main] DEBUG com.gargoylesoftware.htmlunit.javascript.configuration.AbstractJavaScriptConfiguration - Mapping com.gargoylesoftware.htmlunit.html.HtmlVideo to HTMLVideoElement
10:25:00.931 [main] DEBUG com.gargoylesoftware.htmlunit.javascript.configuration.AbstractJavaScriptConfiguration - Mapping com.gargoylesoftware.htmlunit.html.HtmlInlineFrame to HTMLIFrameElement
10:25:00.931 [main] DEBUG com.gargoylesoftware.htmlunit.javascript.configuration.AbstractJavaScriptConfiguration - Mapping java.lang.Object to ClientRectList
10:25:00.931 [main] DEBUG com.gargoylesoftware.htmlunit.javascript.configuration.AbstractJavaScriptConfiguration - Mapping com.gargoylesoftware.htmlunit.svg.SvgTextPath to SVGTextPathElement
10:25:00.931 [main] DEBUG com.gargoylesoftware.htmlunit.javascript.configuration.AbstractJavaScriptConfiguration - Mapping com.gargoylesoftware.htmlunit.html.HtmlBreak to HTMLBRElement
10:25:00.931 [main] DEBUG com.gargoylesoftware.htmlunit.javascript.configuration.AbstractJavaScriptConfiguration - Mapping com.gargoylesoftware.htmlunit.html.DomDocumentFragment to DocumentFragment
10:25:00.931 [main] DEBUG com.gargoylesoftware.htmlunit.javascript.configuration.AbstractJavaScriptConfiguration - Mapping com.gargoylesoftware.htmlunit.svg.SvgFeConvolveMatrix to SVGFEConvolveMatrixElement
10:25:00.931 [main] DEBUG com.gargoylesoftware.htmlunit.javascript.configuration.AbstractJavaScriptConfiguration - Mapping java.lang.Object to OfflineResourceList
10:25:00.931 [main] DEBUG com.gargoylesoftware.htmlunit.javascript.configuration.AbstractJavaScriptConfiguration - Mapping com.gargoylesoftware.htmlunit.svg.SvgPolygon to SVGPolygonElement
10:25:00.931 [main] DEBUG com.gargoylesoftware.htmlunit.javascript.configuration.AbstractJavaScriptConfiguration - Mapping com.gargoylesoftware.htmlunit.html.HtmlFrame to HTMLFrameElement
10:25:00.931 [main] DEBUG com.gargoylesoftware.htmlunit.javascript.configuration.AbstractJavaScriptConfiguration - Mapping com.gargoylesoftware.htmlunit.html.HtmlAnchor to HTMLAnchorElement
10:25:00.932 [main] DEBUG com.gargoylesoftware.htmlunit.javascript.configuration.AbstractJavaScriptConfiguration - Mapping com.gargoylesoftware.htmlunit.html.HtmlMenuItem to HTMLMenuItemElement
10:25:00.932 [main] DEBUG com.gargoylesoftware.htmlunit.javascript.configuration.AbstractJavaScriptConfiguration - Mapping com.gargoylesoftware.htmlunit.svg.SvgLinearGradient to SVGLinearGradientElement
10:25:00.932 [main] DEBUG com.gargoylesoftware.htmlunit.javascript.configuration.AbstractJavaScriptConfiguration - Mapping com.gargoylesoftware.htmlunit.svg.SvgFeComponentTransfer to SVGFEComponentTransferElement
10:25:00.932 [main] DEBUG com.gargoylesoftware.htmlunit.javascript.configuration.AbstractJavaScriptConfiguration - Mapping com.gargoylesoftware.htmlunit.html.HtmlTitle to HTMLTitleElement
10:25:00.933 [main] DEBUG com.gargoylesoftware.htmlunit.javascript.configuration.AbstractJavaScriptConfiguration - Mapping com.gargoylesoftware.htmlunit.html.HtmlBackgroundSound to HTMLBGSoundElement
10:25:00.933 [main] DEBUG com.gargoylesoftware.htmlunit.javascript.configuration.AbstractJavaScriptConfiguration - Mapping com.gargoylesoftware.htmlunit.svg.SvgPath to SVGPathElement
10:25:00.933 [main] DEBUG com.gargoylesoftware.htmlunit.javascript.configuration.AbstractJavaScriptConfiguration - Mapping com.gargoylesoftware.htmlunit.svg.SvgEllipse to SVGEllipseElement
10:25:00.934 [main] DEBUG com.gargoylesoftware.htmlunit.javascript.configuration.AbstractJavaScriptConfiguration - Mapping com.gargoylesoftware.htmlunit.html.DomProcessingInstruction to ProcessingInstruction
10:25:00.934 [main] DEBUG com.gargoylesoftware.htmlunit.javascript.configuration.AbstractJavaScriptConfiguration - Mapping java.lang.Object to HTMLOptionsCollection
10:25:00.934 [main] DEBUG com.gargoylesoftware.htmlunit.javascript.configuration.AbstractJavaScriptConfiguration - Mapping com.gargoylesoftware.htmlunit.svg.SvgFeComposite to SVGFECompositeElement
10:25:00.934 [main] DEBUG com.gargoylesoftware.htmlunit.javascript.configuration.AbstractJavaScriptConfiguration - Mapping com.gargoylesoftware.htmlunit.html.HtmlMeta to HTMLMetaElement
10:25:00.934 [main] DEBUG com.gargoylesoftware.htmlunit.javascript.configuration.AbstractJavaScriptConfiguration - Mapping com.gargoylesoftware.htmlunit.svg.SvgMarker to SVGMarkerElement
10:25:00.934 [main] DEBUG com.gargoylesoftware.htmlunit.javascript.configuration.AbstractJavaScriptConfiguration - Mapping com.gargoylesoftware.htmlunit.svg.SvgDefs to SVGDefsElement
10:25:00.934 [main] DEBUG com.gargoylesoftware.htmlunit.javascript.configuration.AbstractJavaScriptConfiguration - Mapping com.gargoylesoftware.htmlunit.html.HtmlDataList to HTMLDataListElement
10:25:00.934 [main] DEBUG com.gargoylesoftware.htmlunit.javascript.configuration.AbstractJavaScriptConfiguration - Mapping com.gargoylesoftware.htmlunit.svg.SvgFeTile to SVGFETileElement
10:25:00.934 [main] DEBUG com.gargoylesoftware.htmlunit.javascript.configuration.AbstractJavaScriptConfiguration - Mapping com.gargoylesoftware.htmlunit.html.DomText to Text
10:25:00.934 [main] DEBUG com.gargoylesoftware.htmlunit.javascript.configuration.AbstractJavaScriptConfiguration - Mapping com.gargoylesoftware.htmlunit.html.HtmlDefinitionList to HTMLDListElement
10:25:00.934 [main] DEBUG com.gargoylesoftware.htmlunit.javascript.configuration.AbstractJavaScriptConfiguration - Mapping com.gargoylesoftware.htmlunit.svg.SvgFePointLight to SVGFEPointLightElement
10:25:00.934 [main] DEBUG com.gargoylesoftware.htmlunit.javascript.configuration.AbstractJavaScriptConfiguration - Mapping com.gargoylesoftware.htmlunit.html.HtmlOrderedList to HTMLOListElement
10:25:00.934 [main] DEBUG com.gargoylesoftware.htmlunit.javascript.configuration.AbstractJavaScriptConfiguration - Mapping com.gargoylesoftware.htmlunit.html.HtmlOptionGroup to HTMLOptGroupElement
10:25:00.934 [main] DEBUG com.gargoylesoftware.htmlunit.javascript.configuration.AbstractJavaScriptConfiguration - Mapping com.gargoylesoftware.htmlunit.html.HtmlFont to HTMLFontElement
10:25:00.934 [main] DEBUG com.gargoylesoftware.htmlunit.javascript.configuration.AbstractJavaScriptConfiguration - Mapping com.gargoylesoftware.htmlunit.html.HtmlPicture to HTMLPictureElement
10:25:00.934 [main] DEBUG com.gargoylesoftware.htmlunit.javascript.configuration.AbstractJavaScriptConfiguration - Mapping com.gargoylesoftware.htmlunit.html.HtmlLabel to HTMLLabelElement
10:25:00.934 [main] DEBUG com.gargoylesoftware.htmlunit.javascript.configuration.AbstractJavaScriptConfiguration - Mapping com.gargoylesoftware.htmlunit.svg.SvgCircle to SVGCircleElement
10:25:00.934 [main] DEBUG com.gargoylesoftware.htmlunit.javascript.configuration.AbstractJavaScriptConfiguration - Mapping com.gargoylesoftware.htmlunit.html.DomCDataSection to CDATASection
10:25:00.934 [main] DEBUG com.gargoylesoftware.htmlunit.javascript.configuration.AbstractJavaScriptConfiguration - Mapping com.gargoylesoftware.htmlunit.html.HtmlImage to HTMLImageElement
10:25:00.934 [main] DEBUG com.gargoylesoftware.htmlunit.javascript.configuration.AbstractJavaScriptConfiguration - Mapping java.lang.Object to CSSGroupingRule
10:25:00.934 [main] DEBUG com.gargoylesoftware.htmlunit.javascript.configuration.AbstractJavaScriptConfiguration - Mapping com.gargoylesoftware.htmlunit.svg.SvgAnimateTransform to SVGAnimateTransformElement
10:25:00.934 [main] DEBUG com.gargoylesoftware.htmlunit.javascript.configuration.AbstractJavaScriptConfiguration - Mapping com.gargoylesoftware.htmlunit.svg.SvgFeMorphology to SVGFEMorphologyElement
10:25:00.934 [main] DEBUG com.gargoylesoftware.htmlunit.javascript.configuration.AbstractJavaScriptConfiguration - Mapping com.gargoylesoftware.htmlunit.html.HtmlContent to HTMLContentElement
10:25:00.934 [main] DEBUG com.gargoylesoftware.htmlunit.javascript.configuration.AbstractJavaScriptConfiguration - Mapping com.gargoylesoftware.htmlunit.svg.SvgFilter to SVGFilterElement
10:25:00.934 [main] DEBUG com.gargoylesoftware.htmlunit.javascript.configuration.AbstractJavaScriptConfiguration - Mapping com.gargoylesoftware.htmlunit.html.HtmlTextArea to HTMLTextAreaElement
10:25:00.934 [main] DEBUG com.gargoylesoftware.htmlunit.javascript.configuration.AbstractJavaScriptConfiguration - Mapping com.gargoylesoftware.htmlunit.html.DomComment to Comment
10:25:00.934 [main] DEBUG com.gargoylesoftware.htmlunit.javascript.configuration.AbstractJavaScriptConfiguration - Mapping com.gargoylesoftware.htmlunit.svg.SvgAltGlyph to SVGAltGlyphElement
10:25:00.934 [main] DEBUG com.gargoylesoftware.htmlunit.javascript.configuration.AbstractJavaScriptConfiguration - Mapping com.gargoylesoftware.htmlunit.html.HtmlObject to HTMLObjectElement
10:25:00.934 [main] DEBUG com.gargoylesoftware.htmlunit.javascript.configuration.AbstractJavaScriptConfiguration - Mapping com.gargoylesoftware.htmlunit.svg.SvgPattern to SVGPatternElement
10:25:00.935 [main] DEBUG com.gargoylesoftware.htmlunit.javascript.configuration.AbstractJavaScriptConfiguration - Mapping com.gargoylesoftware.htmlunit.html.HtmlBody to HTMLBodyElement
10:25:00.935 [main] DEBUG com.gargoylesoftware.htmlunit.javascript.configuration.AbstractJavaScriptConfiguration - Mapping com.gargoylesoftware.htmlunit.svg.SvgTSpan to SVGTSpanElement
10:25:00.935 [main] DEBUG com.gargoylesoftware.htmlunit.javascript.configuration.AbstractJavaScriptConfiguration - Mapping com.gargoylesoftware.htmlunit.svg.SvgFeMerge to SVGFEMergeElement
10:25:00.935 [main] DEBUG com.gargoylesoftware.htmlunit.javascript.configuration.AbstractJavaScriptConfiguration - Mapping com.gargoylesoftware.htmlunit.html.HtmlBlockQuote to HTMLQuoteElement
10:25:00.935 [main] DEBUG com.gargoylesoftware.htmlunit.javascript.configuration.AbstractJavaScriptConfiguration - Mapping com.gargoylesoftware.htmlunit.html.HtmlInlineQuotation to HTMLQuoteElement
10:25:00.935 [main] DEBUG com.gargoylesoftware.htmlunit.javascript.configuration.AbstractJavaScriptConfiguration - Mapping com.gargoylesoftware.htmlunit.html.HtmlInput to HTMLInputElement
10:25:00.935 [main] DEBUG com.gargoylesoftware.htmlunit.javascript.configuration.AbstractJavaScriptConfiguration - Mapping com.gargoylesoftware.htmlunit.svg.SvgFeSpecularLighting to SVGFESpecularLightingElement
10:25:00.935 [main] DEBUG com.gargoylesoftware.htmlunit.javascript.configuration.AbstractJavaScriptConfiguration - Mapping com.gargoylesoftware.htmlunit.html.DomAttr to Attr
10:25:00.935 [main] DEBUG com.gargoylesoftware.htmlunit.javascript.configuration.AbstractJavaScriptConfiguration - Mapping com.gargoylesoftware.htmlunit.html.HtmlTableColumn to HTMLTableColElement
10:25:00.935 [main] DEBUG com.gargoylesoftware.htmlunit.javascript.configuration.AbstractJavaScriptConfiguration - Mapping com.gargoylesoftware.htmlunit.html.HtmlTableColumnGroup to HTMLTableColElement
10:25:00.935 [main] DEBUG com.gargoylesoftware.htmlunit.javascript.configuration.AbstractJavaScriptConfiguration - Mapping com.gargoylesoftware.htmlunit.html.HtmlCaption to HTMLTableCaptionElement
10:25:00.935 [main] DEBUG com.gargoylesoftware.htmlunit.javascript.configuration.AbstractJavaScriptConfiguration - Mapping com.gargoylesoftware.htmlunit.html.HtmlUnknownElement to HTMLUnknownElement
10:25:00.935 [main] DEBUG com.gargoylesoftware.htmlunit.javascript.configuration.AbstractJavaScriptConfiguration - Mapping com.gargoylesoftware.htmlunit.html.HtmlMenu to HTMLMenuElement
10:25:00.935 [main] DEBUG com.gargoylesoftware.htmlunit.javascript.configuration.AbstractJavaScriptConfiguration - Mapping com.gargoylesoftware.htmlunit.html.HtmlInsertedText to HTMLModElement
10:25:00.935 [main] DEBUG com.gargoylesoftware.htmlunit.javascript.configuration.AbstractJavaScriptConfiguration - Mapping com.gargoylesoftware.htmlunit.html.HtmlDeletedText to HTMLModElement
10:25:00.935 [main] DEBUG com.gargoylesoftware.htmlunit.javascript.configuration.AbstractJavaScriptConfiguration - Mapping com.gargoylesoftware.htmlunit.html.HtmlListItem to HTMLLIElement
10:25:00.935 [main] DEBUG com.gargoylesoftware.htmlunit.javascript.configuration.AbstractJavaScriptConfiguration - Mapping java.lang.Object to CSSConditionRule
10:25:00.935 [main] DEBUG com.gargoylesoftware.htmlunit.javascript.configuration.AbstractJavaScriptConfiguration - Mapping com.gargoylesoftware.htmlunit.html.HtmlStyle to HTMLStyleElement
10:25:00.935 [main] DEBUG com.gargoylesoftware.htmlunit.javascript.configuration.AbstractJavaScriptConfiguration - Mapping com.gargoylesoftware.htmlunit.html.HtmlEmbed to HTMLEmbedElement
10:25:00.935 [main] DEBUG com.gargoylesoftware.htmlunit.javascript.configuration.AbstractJavaScriptConfiguration - Mapping com.gargoylesoftware.htmlunit.svg.SvgElement to SVGElement
10:25:00.935 [main] DEBUG com.gargoylesoftware.htmlunit.javascript.configuration.AbstractJavaScriptConfiguration - Mapping com.gargoylesoftware.htmlunit.svg.SvgMask to SVGMaskElement
10:25:00.935 [main] DEBUG com.gargoylesoftware.htmlunit.javascript.configuration.AbstractJavaScriptConfiguration - Mapping com.gargoylesoftware.htmlunit.html.HtmlAudio to HTMLAudioElement
10:25:00.935 [main] DEBUG com.gargoylesoftware.htmlunit.javascript.configuration.AbstractJavaScriptConfiguration - Mapping com.gargoylesoftware.htmlunit.svg.SvgSymbol to SVGSymbolElement
10:25:00.935 [main] DEBUG com.gargoylesoftware.htmlunit.javascript.configuration.AbstractJavaScriptConfiguration - Mapping com.gargoylesoftware.htmlunit.html.HtmlHtml to HTMLHtmlElement
10:25:00.935 [main] DEBUG com.gargoylesoftware.htmlunit.javascript.configuration.AbstractJavaScriptConfiguration - Mapping java.lang.Object to SVGGeometryElement
10:25:00.935 [main] DEBUG com.gargoylesoftware.htmlunit.javascript.configuration.AbstractJavaScriptConfiguration - Mapping com.gargoylesoftware.htmlunit.html.HtmlProgress to HTMLProgressElement
10:25:00.935 [main] DEBUG com.gargoylesoftware.htmlunit.javascript.configuration.AbstractJavaScriptConfiguration - Mapping java.lang.Object to DOMRect
10:25:00.935 [main] DEBUG com.gargoylesoftware.htmlunit.javascript.configuration.AbstractJavaScriptConfiguration - Mapping java.lang.Object to SVGGraphicsElement
10:25:00.935 [main] DEBUG com.gargoylesoftware.htmlunit.javascript.configuration.AbstractJavaScriptConfiguration - Mapping com.gargoylesoftware.htmlunit.html.HtmlTableRow to HTMLTableRowElement
10:25:00.935 [main] DEBUG com.gargoylesoftware.htmlunit.javascript.configuration.AbstractJavaScriptConfiguration - Mapping java.lang.Object to Geolocation
10:25:00.935 [main] DEBUG com.gargoylesoftware.htmlunit.javascript.configuration.AbstractJavaScriptConfiguration - Mapping com.gargoylesoftware.htmlunit.html.HtmlMeter to HTMLMeterElement
10:25:00.935 [main] DEBUG com.gargoylesoftware.htmlunit.javascript.configuration.AbstractJavaScriptConfiguration - Mapping com.gargoylesoftware.htmlunit.html.HtmlButton to HTMLButtonElement
10:25:00.935 [main] DEBUG com.gargoylesoftware.htmlunit.javascript.configuration.AbstractJavaScriptConfiguration - Mapping com.gargoylesoftware.htmlunit.html.HtmlHeading1 to HTMLHeadingElement
10:25:00.935 [main] DEBUG com.gargoylesoftware.htmlunit.javascript.configuration.AbstractJavaScriptConfiguration - Mapping com.gargoylesoftware.htmlunit.html.HtmlHeading4 to HTMLHeadingElement
10:25:00.935 [main] DEBUG com.gargoylesoftware.htmlunit.javascript.configuration.AbstractJavaScriptConfiguration - Mapping com.gargoylesoftware.htmlunit.html.HtmlHeading3 to HTMLHeadingElement
10:25:00.935 [main] DEBUG com.gargoylesoftware.htmlunit.javascript.configuration.AbstractJavaScriptConfiguration - Mapping com.gargoylesoftware.htmlunit.html.HtmlHeading6 to HTMLHeadingElement
10:25:00.935 [main] DEBUG com.gargoylesoftware.htmlunit.javascript.configuration.AbstractJavaScriptConfiguration - Mapping com.gargoylesoftware.htmlunit.html.HtmlHeading2 to HTMLHeadingElement
10:25:00.935 [main] DEBUG com.gargoylesoftware.htmlunit.javascript.configuration.AbstractJavaScriptConfiguration - Mapping com.gargoylesoftware.htmlunit.html.HtmlHeading5 to HTMLHeadingElement
10:25:00.935 [main] DEBUG com.gargoylesoftware.htmlunit.javascript.configuration.AbstractJavaScriptConfiguration - Mapping com.gargoylesoftware.htmlunit.html.HtmlLegend to HTMLLegendElement
10:25:00.935 [main] DEBUG com.gargoylesoftware.htmlunit.javascript.configuration.AbstractJavaScriptConfiguration - Mapping com.gargoylesoftware.htmlunit.svg.SvgFeOffset to SVGFEOffsetElement
10:25:00.935 [main] DEBUG com.gargoylesoftware.htmlunit.javascript.configuration.AbstractJavaScriptConfiguration - Mapping com.gargoylesoftware.htmlunit.svg.SvgSvg to SVGSVGElement
10:25:00.935 [main] DEBUG com.gargoylesoftware.htmlunit.javascript.configuration.AbstractJavaScriptConfiguration - Mapping com.gargoylesoftware.htmlunit.html.HtmlFieldSet to HTMLFieldSetElement
10:25:00.935 [main] DEBUG com.gargoylesoftware.htmlunit.javascript.configuration.AbstractJavaScriptConfiguration - Mapping com.gargoylesoftware.htmlunit.svg.SvgTitle to SVGTitleElement
10:25:00.935 [main] DEBUG com.gargoylesoftware.htmlunit.javascript.configuration.AbstractJavaScriptConfiguration - Mapping com.gargoylesoftware.htmlunit.html.DomElement to Element
10:25:00.935 [main] DEBUG com.gargoylesoftware.htmlunit.javascript.configuration.AbstractJavaScriptConfiguration - Mapping com.gargoylesoftware.htmlunit.svg.SvgStyle to SVGStyleElement
10:25:00.935 [main] DEBUG com.gargoylesoftware.htmlunit.javascript.configuration.AbstractJavaScriptConfiguration - Mapping com.gargoylesoftware.htmlunit.svg.SvgImage to SVGImageElement
10:25:00.935 [main] DEBUG com.gargoylesoftware.htmlunit.javascript.configuration.AbstractJavaScriptConfiguration - Mapping java.lang.Object to Console
10:25:00.935 [main] DEBUG com.gargoylesoftware.htmlunit.javascript.configuration.AbstractJavaScriptConfiguration - Mapping java.lang.Object to EventTarget
10:25:00.935 [main] DEBUG com.gargoylesoftware.htmlunit.javascript.configuration.AbstractJavaScriptConfiguration - Mapping com.gargoylesoftware.htmlunit.html.DomDocumentType to DocumentType
10:25:00.935 [main] DEBUG com.gargoylesoftware.htmlunit.javascript.configuration.AbstractJavaScriptConfiguration - Mapping com.gargoylesoftware.htmlunit.html.HtmlSource to HTMLSourceElement
10:25:00.935 [main] DEBUG com.gargoylesoftware.htmlunit.javascript.configuration.AbstractJavaScriptConfiguration - Mapping com.gargoylesoftware.htmlunit.html.HtmlParagraph to HTMLParagraphElement
10:25:00.935 [main] DEBUG com.gargoylesoftware.htmlunit.javascript.configuration.AbstractJavaScriptConfiguration - Mapping com.gargoylesoftware.htmlunit.html.HtmlApplet to HTMLAppletElement
10:25:00.935 [main] DEBUG com.gargoylesoftware.htmlunit.javascript.configuration.AbstractJavaScriptConfiguration - Mapping com.gargoylesoftware.htmlunit.svg.SvgSwitch to SVGSwitchElement
10:25:00.935 [main] DEBUG com.gargoylesoftware.htmlunit.javascript.configuration.AbstractJavaScriptConfiguration - Mapping com.gargoylesoftware.htmlunit.svg.SvgFeImage to SVGFEImageElement
10:25:00.935 [main] DEBUG com.gargoylesoftware.htmlunit.javascript.configuration.AbstractJavaScriptConfiguration - Mapping com.gargoylesoftware.htmlunit.svg.SvgLine to SVGLineElement
10:25:00.935 [main] DEBUG com.gargoylesoftware.htmlunit.javascript.configuration.AbstractJavaScriptConfiguration - Mapping com.gargoylesoftware.htmlunit.svg.SvgFeGaussianBlur to SVGFEGaussianBlurElement
10:25:00.935 [main] DEBUG com.gargoylesoftware.htmlunit.javascript.configuration.AbstractJavaScriptConfiguration - Mapping com.gargoylesoftware.htmlunit.svg.SvgSet to SVGSetElement
10:25:00.935 [main] DEBUG com.gargoylesoftware.htmlunit.javascript.configuration.AbstractJavaScriptConfiguration - Mapping com.gargoylesoftware.htmlunit.html.HtmlTable to HTMLTableElement
10:25:00.935 [main] DEBUG com.gargoylesoftware.htmlunit.javascript.configuration.AbstractJavaScriptConfiguration - Mapping com.gargoylesoftware.htmlunit.html.HtmlMain to HTMLElement
10:25:00.935 [main] DEBUG com.gargoylesoftware.htmlunit.javascript.configuration.AbstractJavaScriptConfiguration - Mapping com.gargoylesoftware.htmlunit.html.HtmlEmphasis to HTMLElement
10:25:00.935 [main] DEBUG com.gargoylesoftware.htmlunit.javascript.configuration.AbstractJavaScriptConfiguration - Mapping com.gargoylesoftware.htmlunit.html.HtmlSubscript to HTMLElement
10:25:00.935 [main] DEBUG com.gargoylesoftware.htmlunit.javascript.configuration.AbstractJavaScriptConfiguration - Mapping com.gargoylesoftware.htmlunit.html.HtmlStrike to HTMLElement
10:25:00.936 [main] DEBUG com.gargoylesoftware.htmlunit.javascript.configuration.AbstractJavaScriptConfiguration - Mapping com.gargoylesoftware.htmlunit.html.HtmlAbbreviated to HTMLElement
10:25:00.936 [main] DEBUG com.gargoylesoftware.htmlunit.javascript.configuration.AbstractJavaScriptConfiguration - Mapping com.gargoylesoftware.htmlunit.html.HtmlAside to HTMLElement
10:25:00.936 [main] DEBUG com.gargoylesoftware.htmlunit.javascript.configuration.AbstractJavaScriptConfiguration - Mapping com.gargoylesoftware.htmlunit.html.HtmlPlainText to HTMLElement
10:25:00.936 [main] DEBUG com.gargoylesoftware.htmlunit.javascript.configuration.AbstractJavaScriptConfiguration - Mapping com.gargoylesoftware.htmlunit.html.HtmlSmall to HTMLElement
10:25:00.936 [main] DEBUG com.gargoylesoftware.htmlunit.javascript.configuration.AbstractJavaScriptConfiguration - Mapping com.gargoylesoftware.htmlunit.html.HtmlExample to HTMLElement
10:25:00.936 [main] DEBUG com.gargoylesoftware.htmlunit.javascript.configuration.AbstractJavaScriptConfiguration - Mapping com.gargoylesoftware.htmlunit.html.HtmlFigure to HTMLElement
10:25:00.936 [main] DEBUG com.gargoylesoftware.htmlunit.javascript.configuration.AbstractJavaScriptConfiguration - Mapping com.gargoylesoftware.htmlunit.html.HtmlArticle to HTMLElement
10:25:00.936 [main] DEBUG com.gargoylesoftware.htmlunit.javascript.configuration.AbstractJavaScriptConfiguration - Mapping com.gargoylesoftware.htmlunit.html.HtmlBidirectionalOverride to HTMLElement
10:25:00.936 [main] DEBUG com.gargoylesoftware.htmlunit.javascript.configuration.AbstractJavaScriptConfiguration - Mapping com.gargoylesoftware.htmlunit.html.HtmlCode to HTMLElement
10:25:00.936 [main] DEBUG com.gargoylesoftware.htmlunit.javascript.configuration.AbstractJavaScriptConfiguration - Mapping com.gargoylesoftware.htmlunit.html.HtmlDefinitionTerm to HTMLElement
10:25:00.936 [main] DEBUG com.gargoylesoftware.htmlunit.javascript.configuration.AbstractJavaScriptConfiguration - Mapping com.gargoylesoftware.htmlunit.html.HtmlKeyboard to HTMLElement
10:25:00.936 [main] DEBUG com.gargoylesoftware.htmlunit.javascript.configuration.AbstractJavaScriptConfiguration - Mapping com.gargoylesoftware.htmlunit.html.HtmlBold to HTMLElement
10:25:00.936 [main] DEBUG com.gargoylesoftware.htmlunit.javascript.configuration.AbstractJavaScriptConfiguration - Mapping com.gargoylesoftware.htmlunit.html.HtmlFooter to HTMLElement
10:25:00.936 [main] DEBUG com.gargoylesoftware.htmlunit.javascript.configuration.AbstractJavaScriptConfiguration - Mapping com.gargoylesoftware.htmlunit.html.HtmlSection to HTMLElement
10:25:00.936 [main] DEBUG com.gargoylesoftware.htmlunit.javascript.configuration.AbstractJavaScriptConfiguration - Mapping com.gargoylesoftware.htmlunit.html.HtmlNoBreak to HTMLElement
10:25:00.936 [main] DEBUG com.gargoylesoftware.htmlunit.javascript.configuration.AbstractJavaScriptConfiguration - Mapping com.gargoylesoftware.htmlunit.html.HtmlWordBreak to HTMLElement
10:25:00.936 [main] DEBUG com.gargoylesoftware.htmlunit.javascript.configuration.AbstractJavaScriptConfiguration - Mapping com.gargoylesoftware.htmlunit.html.HtmlDefinitionDescription to HTMLElement
10:25:00.936 [main] DEBUG com.gargoylesoftware.htmlunit.javascript.configuration.AbstractJavaScriptConfiguration - Mapping com.gargoylesoftware.htmlunit.html.HtmlNav to HTMLElement
10:25:00.936 [main] DEBUG com.gargoylesoftware.htmlunit.javascript.configuration.AbstractJavaScriptConfiguration - Mapping com.gargoylesoftware.htmlunit.html.HtmlUnderlined to HTMLElement
10:25:00.936 [main] DEBUG com.gargoylesoftware.htmlunit.javascript.configuration.AbstractJavaScriptConfiguration - Mapping com.gargoylesoftware.htmlunit.html.HtmlItalic to HTMLElement
10:25:00.936 [main] DEBUG com.gargoylesoftware.htmlunit.javascript.configuration.AbstractJavaScriptConfiguration - Mapping com.gargoylesoftware.htmlunit.html.HtmlSuperscript to HTMLElement
10:25:00.936 [main] DEBUG com.gargoylesoftware.htmlunit.javascript.configuration.AbstractJavaScriptConfiguration - Mapping com.gargoylesoftware.htmlunit.html.HtmlNoScript to HTMLElement
10:25:00.936 [main] DEBUG com.gargoylesoftware.htmlunit.javascript.configuration.AbstractJavaScriptConfiguration - Mapping com.gargoylesoftware.htmlunit.html.HtmlSample to HTMLElement
10:25:00.936 [main] DEBUG com.gargoylesoftware.htmlunit.javascript.configuration.AbstractJavaScriptConfiguration - Mapping com.gargoylesoftware.htmlunit.html.HtmlFigureCaption to HTMLElement
10:25:00.936 [main] DEBUG com.gargoylesoftware.htmlunit.javascript.configuration.AbstractJavaScriptConfiguration - Mapping com.gargoylesoftware.htmlunit.html.HtmlStrong to HTMLElement
10:25:00.936 [main] DEBUG com.gargoylesoftware.htmlunit.javascript.configuration.AbstractJavaScriptConfiguration - Mapping com.gargoylesoftware.htmlunit.html.HtmlBaseFont to HTMLElement
10:25:00.936 [main] DEBUG com.gargoylesoftware.htmlunit.javascript.configuration.AbstractJavaScriptConfiguration - Mapping com.gargoylesoftware.htmlunit.html.HtmlCitation to HTMLElement
10:25:00.936 [main] DEBUG com.gargoylesoftware.htmlunit.javascript.configuration.AbstractJavaScriptConfiguration - Mapping com.gargoylesoftware.htmlunit.html.HtmlHeader to HTMLElement
10:25:00.936 [main] DEBUG com.gargoylesoftware.htmlunit.javascript.configuration.AbstractJavaScriptConfiguration - Mapping com.gargoylesoftware.htmlunit.html.HtmlListing to HTMLElement
10:25:00.936 [main] DEBUG com.gargoylesoftware.htmlunit.javascript.configuration.AbstractJavaScriptConfiguration - Mapping com.gargoylesoftware.htmlunit.html.HtmlTeletype to HTMLElement
10:25:00.936 [main] DEBUG com.gargoylesoftware.htmlunit.javascript.configuration.AbstractJavaScriptConfiguration - Mapping com.gargoylesoftware.htmlunit.html.HtmlMark to HTMLElement
10:25:00.936 [main] DEBUG com.gargoylesoftware.htmlunit.javascript.configuration.AbstractJavaScriptConfiguration - Mapping com.gargoylesoftware.htmlunit.html.HtmlDefinition to HTMLElement
10:25:00.936 [main] DEBUG com.gargoylesoftware.htmlunit.javascript.configuration.AbstractJavaScriptConfiguration - Mapping com.gargoylesoftware.htmlunit.html.HtmlCenter to HTMLElement
10:25:00.936 [main] DEBUG com.gargoylesoftware.htmlunit.javascript.configuration.AbstractJavaScriptConfiguration - Mapping com.gargoylesoftware.htmlunit.html.HtmlBig to HTMLElement
10:25:00.936 [main] DEBUG com.gargoylesoftware.htmlunit.javascript.configuration.AbstractJavaScriptConfiguration - Mapping com.gargoylesoftware.htmlunit.html.HtmlVariable to HTMLElement
10:25:00.936 [main] DEBUG com.gargoylesoftware.htmlunit.javascript.configuration.AbstractJavaScriptConfiguration - Mapping com.gargoylesoftware.htmlunit.html.HtmlElement to HTMLElement
10:25:00.936 [main] DEBUG com.gargoylesoftware.htmlunit.javascript.configuration.AbstractJavaScriptConfiguration - Mapping com.gargoylesoftware.htmlunit.html.HtmlNoEmbed to HTMLElement
10:25:00.936 [main] DEBUG com.gargoylesoftware.htmlunit.javascript.configuration.AbstractJavaScriptConfiguration - Mapping com.gargoylesoftware.htmlunit.html.HtmlS to HTMLElement
10:25:00.936 [main] DEBUG com.gargoylesoftware.htmlunit.javascript.configuration.AbstractJavaScriptConfiguration - Mapping com.gargoylesoftware.htmlunit.html.HtmlAcronym to HTMLElement
10:25:00.937 [main] DEBUG com.gargoylesoftware.htmlunit.javascript.configuration.AbstractJavaScriptConfiguration - Mapping com.gargoylesoftware.htmlunit.html.HtmlAddress to HTMLElement
10:25:00.937 [main] DEBUG com.gargoylesoftware.htmlunit.javascript.configuration.AbstractJavaScriptConfiguration - Mapping com.gargoylesoftware.htmlunit.html.HtmlNoFrames to HTMLElement
10:25:00.937 [main] DEBUG com.gargoylesoftware.htmlunit.javascript.configuration.AbstractJavaScriptConfiguration - Mapping com.gargoylesoftware.htmlunit.html.HtmlTrack to HTMLTrackElement
10:25:00.937 [main] DEBUG com.gargoylesoftware.htmlunit.javascript.configuration.AbstractJavaScriptConfiguration - Mapping com.gargoylesoftware.htmlunit.svg.SvgText to SVGTextElement
10:25:00.937 [main] DEBUG com.gargoylesoftware.htmlunit.javascript.configuration.AbstractJavaScriptConfiguration - Mapping com.gargoylesoftware.htmlunit.svg.SvgStop to SVGStopElement
10:25:00.937 [main] DEBUG com.gargoylesoftware.htmlunit.javascript.configuration.AbstractJavaScriptConfiguration - Mapping com.gargoylesoftware.htmlunit.svg.SvgView to SVGViewElement
10:25:00.939 [main] DEBUG com.gargoylesoftware.htmlunit.javascript.configuration.AbstractJavaScriptConfiguration - Mapping com.gargoylesoftware.htmlunit.svg.SvgScript to SVGScriptElement
10:25:00.939 [main] DEBUG com.gargoylesoftware.htmlunit.javascript.configuration.AbstractJavaScriptConfiguration - Mapping com.gargoylesoftware.htmlunit.html.HtmlScript to HTMLScriptElement
10:25:00.939 [main] DEBUG com.gargoylesoftware.htmlunit.javascript.configuration.AbstractJavaScriptConfiguration - Mapping com.gargoylesoftware.htmlunit.svg.SvgMPath to SVGMPathElement
10:25:00.939 [main] DEBUG com.gargoylesoftware.htmlunit.javascript.configuration.AbstractJavaScriptConfiguration - Mapping com.gargoylesoftware.htmlunit.svg.SvgPolyline to SVGPolylineElement
10:25:00.939 [main] DEBUG com.gargoylesoftware.htmlunit.javascript.configuration.AbstractJavaScriptConfiguration - Mapping com.gargoylesoftware.htmlunit.svg.SvgFeFuncG to SVGFEFuncGElement
10:25:00.939 [main] DEBUG com.gargoylesoftware.htmlunit.javascript.configuration.AbstractJavaScriptConfiguration - Mapping com.gargoylesoftware.htmlunit.svg.SvgFeFuncR to SVGFEFuncRElement
10:25:00.939 [main] DEBUG com.gargoylesoftware.htmlunit.javascript.configuration.AbstractJavaScriptConfiguration - Mapping com.gargoylesoftware.htmlunit.html.HtmlParameter to HTMLParamElement
10:25:00.939 [main] DEBUG com.gargoylesoftware.htmlunit.javascript.configuration.AbstractJavaScriptConfiguration - Mapping com.gargoylesoftware.htmlunit.svg.SvgFeBlend to SVGFEBlendElement
10:25:00.939 [main] DEBUG com.gargoylesoftware.htmlunit.javascript.configuration.AbstractJavaScriptConfiguration - Mapping com.gargoylesoftware.htmlunit.svg.SvgRect to SVGRectElement
10:25:00.939 [main] DEBUG com.gargoylesoftware.htmlunit.javascript.configuration.AbstractJavaScriptConfiguration - Mapping com.gargoylesoftware.htmlunit.html.HtmlTableCell to HTMLTableCellElement
10:25:00.939 [main] DEBUG com.gargoylesoftware.htmlunit.javascript.configuration.AbstractJavaScriptConfiguration - Mapping com.gargoylesoftware.htmlunit.svg.SvgDesc to SVGDescElement
10:25:00.940 [main] DEBUG com.gargoylesoftware.htmlunit.javascript.configuration.AbstractJavaScriptConfiguration - Mapping com.gargoylesoftware.htmlunit.svg.SvgGroup to SVGGElement
10:25:00.940 [main] DEBUG com.gargoylesoftware.htmlunit.javascript.configuration.AbstractJavaScriptConfiguration - Mapping com.gargoylesoftware.htmlunit.svg.SvgAnimateMotion to SVGAnimateMotionElement
10:25:00.940 [main] DEBUG com.gargoylesoftware.htmlunit.javascript.configuration.AbstractJavaScriptConfiguration - Mapping com.gargoylesoftware.htmlunit.svg.SvgAnchor to SVGAElement
10:25:00.941 [main] DEBUG com.gargoylesoftware.htmlunit.javascript.configuration.AbstractJavaScriptConfiguration - Mapping com.gargoylesoftware.htmlunit.svg.SvgAnimate to SVGAnimateElement
10:25:00.941 [main] DEBUG com.gargoylesoftware.htmlunit.javascript.configuration.AbstractJavaScriptConfiguration - Mapping com.gargoylesoftware.htmlunit.html.HtmlLink to HTMLLinkElement
10:25:00.941 [main] DEBUG com.gargoylesoftware.htmlunit.javascript.configuration.AbstractJavaScriptConfiguration - Mapping com.gargoylesoftware.htmlunit.svg.SvgFeTurbulence to SVGFETurbulenceElement
10:25:00.941 [main] DEBUG com.gargoylesoftware.htmlunit.javascript.configuration.AbstractJavaScriptConfiguration - Mapping com.gargoylesoftware.htmlunit.html.HtmlHead to HTMLHeadElement
10:25:00.941 [main] DEBUG com.gargoylesoftware.htmlunit.javascript.configuration.AbstractJavaScriptConfiguration - Mapping com.gargoylesoftware.htmlunit.svg.SvgFeDisplacementMap to SVGFEDisplacementMapElement
10:25:00.941 [main] DEBUG com.gargoylesoftware.htmlunit.javascript.configuration.AbstractJavaScriptConfiguration - Mapping com.gargoylesoftware.htmlunit.html.HtmlArea to HTMLAreaElement
10:25:00.941 [main] DEBUG com.gargoylesoftware.htmlunit.javascript.configuration.AbstractJavaScriptConfiguration - Mapping com.gargoylesoftware.htmlunit.html.HtmlTableBody to HTMLTableSectionElement
10:25:00.941 [main] DEBUG com.gargoylesoftware.htmlunit.javascript.configuration.AbstractJavaScriptConfiguration - Mapping com.gargoylesoftware.htmlunit.html.HtmlTableHeader to HTMLTableSectionElement
10:25:00.941 [main] DEBUG com.gargoylesoftware.htmlunit.javascript.configuration.AbstractJavaScriptConfiguration - Mapping com.gargoylesoftware.htmlunit.html.HtmlTableFooter to HTMLTableSectionElement
10:25:00.941 [main] DEBUG com.gargoylesoftware.htmlunit.javascript.configuration.AbstractJavaScriptConfiguration - Mapping com.gargoylesoftware.htmlunit.html.HtmlData to HTMLDataElement
10:25:00.941 [main] DEBUG com.gargoylesoftware.htmlunit.javascript.configuration.AbstractJavaScriptConfiguration - Mapping com.gargoylesoftware.htmlunit.svg.SvgClipPath to SVGClipPathElement
10:25:00.941 [main] DEBUG com.gargoylesoftware.htmlunit.javascript.configuration.AbstractJavaScriptConfiguration - Mapping com.gargoylesoftware.htmlunit.svg.SvgFeFuncB to SVGFEFuncBElement
10:25:00.941 [main] DEBUG com.gargoylesoftware.htmlunit.javascript.configuration.AbstractJavaScriptConfiguration - Mapping com.gargoylesoftware.htmlunit.html.HtmlPreformattedText to HTMLPreElement
10:25:00.941 [main] DEBUG com.gargoylesoftware.htmlunit.javascript.configuration.AbstractJavaScriptConfiguration - Mapping com.gargoylesoftware.htmlunit.svg.SvgFeSpotLight to SVGFESpotLightElement
10:25:00.941 [main] DEBUG com.gargoylesoftware.htmlunit.javascript.configuration.AbstractJavaScriptConfiguration - Mapping com.gargoylesoftware.htmlunit.html.HtmlCanvas to HTMLCanvasElement
[...]
	at org.springframework.beans.factory.support.AbstractAutowireCapableBeanFactory.applyBeanPostProcessorsBeforeInitialization(AbstractAutowireCapableBeanFactory.java:408) ~[spring-beans-4.3.4.RELEASE.jar:4.3.4.RELEASE]
	at org.springframework.beans.factory.support.AbstractAutowireCapableBeanFactory.initializeBean(AbstractAutowireCapableBeanFactory.java:1575) ~[spring-beans-4.3.4.RELEASE.jar:4.3.4.RELEASE]
	at org.springframework.beans.factory.support.AbstractAutowireCapableBeanFactory.doCreateBean(AbstractAutowireCapableBeanFactory.java:553) ~[spring-beans-4.3.4.RELEASE.jar:4.3.4.RELEASE]
	at org.springframework.beans.factory.support.AbstractAutowireCapableBeanFactory.createBean(AbstractAutowireCapableBeanFactory.java:482) ~[spring-beans-4.3.4.RELEASE.jar:4.3.4.RELEASE]
	at org.springframework.beans.factory.support.AbstractBeanFactory$1.getObject(AbstractBeanFactory.java:306) ~[spring-beans-4.3.4.RELEASE.jar:4.3.4.RELEASE]
	at org.springframework.beans.factory.support.DefaultSingletonBeanRegistry.getSingleton(DefaultSingletonBeanRegistry.java:230) ~[spring-beans-4.3.4.RELEASE.jar:4.3.4.RELEASE]
	at org.springframework.beans.factory.support.AbstractBeanFactory.doGetBean(AbstractBeanFactory.java:302) ~[spring-beans-4.3.4.RELEASE.jar:4.3.4.RELEASE]
	at org.springframework.beans.factory.support.AbstractBeanFactory.getBean(AbstractBeanFactory.java:197) ~[spring-beans-4.3.4.RELEASE.jar:4.3.4.RELEASE]
	at org.springframework.beans.factory.support.DefaultListableBeanFactory.preInstantiateSingletons(DefaultListableBeanFactory.java:754) ~[spring-beans-4.3.4.RELEASE.jar:4.3.4.RELEASE]
	at org.springframework.context.support.AbstractApplicationContext.finishBeanFactoryInitialization(AbstractApplicationContext.java:866) ~[spring-context-4.3.4.RELEASE.jar:4.3.4.RELEASE]
	at org.springframework.context.support.AbstractApplicationContext.refresh(AbstractApplicationContext.java:542) ~[spring-context-4.3.4.RELEASE.jar:4.3.4.RELEASE]
	at org.springframework.boot.context.embedded.EmbeddedWebApplicationContext.refresh(EmbeddedWebApplicationContext.java:122) ~[spring-boot-1.4.2.RELEASE.jar:1.4.2.RELEASE]
	at org.springframework.boot.SpringApplication.refresh(SpringApplication.java:761) ~[spring-boot-1.4.2.RELEASE.jar:1.4.2.RELEASE]
	at org.springframework.boot.SpringApplication.refreshContext(SpringApplication.java:371) ~[spring-boot-1.4.2.RELEASE.jar:1.4.2.RELEASE]
	at org.springframework.boot.SpringApplication.run(SpringApplication.java:315) ~[spring-boot-1.4.2.RELEASE.jar:1.4.2.RELEASE]
	at org.springframework.boot.test.context.SpringBootContextLoader.loadContext(SpringBootContextLoader.java:111) [spring-boot-test-1.4.2.RELEASE.jar:1.4.2.RELEASE]
	at org.springframework.test.context.cache.DefaultCacheAwareContextLoaderDelegate.loadContextInternal(DefaultCacheAwareContextLoaderDelegate.java:98) [spring-test-4.3.4.RELEASE.jar:4.3.4.RELEASE]
	at org.springframework.test.context.cache.DefaultCacheAwareContextLoaderDelegate.loadContext(DefaultCacheAwareContextLoaderDelegate.java:116) [spring-test-4.3.4.RELEASE.jar:4.3.4.RELEASE]
	at org.springframework.test.context.support.DefaultTestContext.getApplicationContext(DefaultTestContext.java:83) [spring-test-4.3.4.RELEASE.jar:4.3.4.RELEASE]
	at org.springframework.boot.test.autoconfigure.SpringBootDependencyInjectionTestExecutionListener.prepareTestInstance(SpringBootDependencyInjectionTestExecutionListener.java:47) [spring-boot-test-autoconfigure-1.4.2.RELEASE.jar:1.4.2.RELEASE]
	at org.springframework.test.context.TestContextManager.prepareTestInstance(TestContextManager.java:230) [spring-test-4.3.4.RELEASE.jar:4.3.4.RELEASE]
	at org.springframework.test.context.junit4.SpringJUnit4ClassRunner.createTest(SpringJUnit4ClassRunner.java:228) [spring-test-4.3.4.RELEASE.jar:4.3.4.RELEASE]
	at org.springframework.test.context.junit4.SpringJUnit4ClassRunner$1.runReflectiveCall(SpringJUnit4ClassRunner.java:287) [spring-test-4.3.4.RELEASE.jar:4.3.4.RELEASE]
	at org.junit.internal.runners.model.ReflectiveCallable.run(ReflectiveCallable.java:12) [junit-4.12.jar:4.12]
	at org.springframework.test.context.junit4.SpringJUnit4ClassRunner.methodBlock(SpringJUnit4ClassRunner.java:289) [spring-test-4.3.4.RELEASE.jar:4.3.4.RELEASE]
	at org.springframework.test.context.junit4.SpringJUnit4ClassRunner.runChild(SpringJUnit4ClassRunner.java:247) [spring-test-4.3.4.RELEASE.jar:4.3.4.RELEASE]
	at org.springframework.test.context.junit4.SpringJUnit4ClassRunner.runChild(SpringJUnit4ClassRunner.java:94) [spring-test-4.3.4.RELEASE.jar:4.3.4.RELEASE]
	at org.junit.runners.ParentRunner$3.run(ParentRunner.java:290) [junit-4.12.jar:4.12]
	at org.junit.runners.ParentRunner$1.schedule(ParentRunner.java:71) [junit-4.12.jar:4.12]
	at org.junit.runners.ParentRunner.runChildren(ParentRunner.java:288) [junit-4.12.jar:4.12]
	at org.junit.runners.ParentRunner.access$000(ParentRunner.java:58) [junit-4.12.jar:4.12]
	at org.junit.runners.ParentRunner$2.evaluate(ParentRunner.java:268) [junit-4.12.jar:4.12]
	at org.springframework.test.context.junit4.statements.RunBeforeTestClassCallbacks.evaluate(RunBeforeTestClassCallbacks.java:61) [spring-test-4.3.4.RELEASE.jar:4.3.4.RELEASE]
	at org.junit.internal.runners.statements.RunAfters.evaluate(RunAfters.java:27) [junit-4.12.jar:4.12]
	at org.springframework.test.context.junit4.statements.RunAfterTestClassCallbacks.evaluate(RunAfterTestClassCallbacks.java:70) [spring-test-4.3.4.RELEASE.jar:4.3.4.RELEASE]
	at org.junit.runners.ParentRunner.run(ParentRunner.java:363) [junit-4.12.jar:4.12]
	at org.springframework.test.context.junit4.SpringJUnit4ClassRunner.run(SpringJUnit4ClassRunner.java:191) [spring-test-4.3.4.RELEASE.jar:4.3.4.RELEASE]
	at org.apache.maven.surefire.junit4.JUnit4Provider.execute(JUnit4Provider.java:283) [surefire-junit4-2.18.1.jar:2.18.1]
	at org.apache.maven.surefire.junit4.JUnit4Provider.executeWithRerun(JUnit4Provider.java:173) [surefire-junit4-2.18.1.jar:2.18.1]
	at org.apache.maven.surefire.junit4.JUnit4Provider.executeTestSet(JUnit4Provider.java:153) [surefire-junit4-2.18.1.jar:2.18.1]
	at org.apache.maven.surefire.junit4.JUnit4Provider.invoke(JUnit4Provider.java:128) [surefire-junit4-2.18.1.jar:2.18.1]
	at org.apache.maven.surefire.booter.ForkedBooter.invokeProviderInSameClassLoader(ForkedBooter.java:203) [surefire-booter-2.18.1.jar:2.18.1]
	at org.apache.maven.surefire.booter.ForkedBooter.runSuitesInProcess(ForkedBooter.java:155) [surefire-booter-2.18.1.jar:2.18.1]
	at org.apache.maven.surefire.booter.ForkedBooter.main(ForkedBooter.java:103) [surefire-booter-2.18.1.jar:2.18.1]
Caused by: java.lang.NullPointerException: null
	at wad.service.GenreService.addGenreToBook(GenreService.java:88) ~[classes/:na]
	at wad.service.GenreService$$FastClassBySpringCGLIB$$eb00b0ff.invoke(<generated>) ~[classes/:na]
	at org.springframework.cglib.proxy.MethodProxy.invoke(MethodProxy.java:204) ~[spring-core-4.3.4.RELEASE.jar:4.3.4.RELEASE]
	at org.springframework.aop.framework.CglibAopProxy$CglibMethodInvocation.invokeJoinpoint(CglibAopProxy.java:720) ~[spring-aop-4.3.4.RELEASE.jar:4.3.4.RELEASE]
	at org.springframework.aop.framework.ReflectiveMethodInvocation.proceed(ReflectiveMethodInvocation.java:157) ~[spring-aop-4.3.4.RELEASE.jar:4.3.4.RELEASE]
	at org.springframework.transaction.interceptor.TransactionInterceptor$1.proceedWithInvocation(TransactionInterceptor.java:99) ~[spring-tx-4.3.4.RELEASE.jar:4.3.4.RELEASE]
	at org.springframework.transaction.interceptor.TransactionAspectSupport.invokeWithinTransaction(TransactionAspectSupport.java:282) ~[spring-tx-4.3.4.RELEASE.jar:4.3.4.RELEASE]
	at org.springframework.transaction.interceptor.TransactionInterceptor.invoke(TransactionInterceptor.java:96) ~[spring-tx-4.3.4.RELEASE.jar:4.3.4.RELEASE]
	at org.springframework.aop.framework.ReflectiveMethodInvocation.proceed(ReflectiveMethodInvocation.java:179) ~[spring-aop-4.3.4.RELEASE.jar:4.3.4.RELEASE]
	at org.springframework.aop.framework.CglibAopProxy$DynamicAdvisedInterceptor.intercept(CglibAopProxy.java:655) ~[spring-aop-4.3.4.RELEASE.jar:4.3.4.RELEASE]
	at wad.service.GenreService$$EnhancerBySpringCGLIB$$ef2c0272.addGenreToBook(<generated>) ~[classes/:na]
	at wad.service.BookService.save(BookService.java:61) ~[classes/:na]
	at wad.service.InitService.initBooks(InitService.java:64) ~[classes/:na]
	at wad.service.InitService.initAuthors(InitService.java:59) ~[classes/:na]
	at sun.reflect.NativeMethodAccessorImpl.invoke0(Native Method) ~[na:1.8.0_60]
	at sun.reflect.NativeMethodAccessorImpl.invoke(NativeMethodAccessorImpl.java:62) ~[na:1.8.0_60]
	at sun.reflect.DelegatingMethodAccessorImpl.invoke(DelegatingMethodAccessorImpl.java:43) ~[na:1.8.0_60]
	at java.lang.reflect.Method.invoke(Method.java:497) ~[na:1.8.0_60]
	at org.springframework.beans.factory.annotation.InitDestroyAnnotationBeanPostProcessor$LifecycleElement.invoke(InitDestroyAnnotationBeanPostProcessor.java:366) ~[spring-beans-4.3.4.RELEASE.jar:4.3.4.RELEASE]
	at org.springframework.beans.factory.annotation.InitDestroyAnnotationBeanPostProcessor$LifecycleMetadata.invokeInitMethods(InitDestroyAnnotationBeanPostProcessor.java:311) ~[spring-beans-4.3.4.RELEASE.jar:4.3.4.RELEASE]
	at org.springframework.beans.factory.annotation.InitDestroyAnnotationBeanPostProcessor.postProcessBeforeInitialization(InitDestroyAnnotationBeanPostProcessor.java:134) ~[spring-beans-4.3.4.RELEASE.jar:4.3.4.RELEASE]
	... 44 common frames omitted

2017-09-24 10:25:11.435 ERROR 8224 --- [           main] o.s.test.context.TestContextManager      : Caught exception while allowing TestExecutionListener [org.springframework.boot.test.autoconfigure.SpringBootDependencyInjectionTestExecutionListener@6973b51b] to prepare test instance [wad.controller.PathTest@b753aa5]

java.lang.IllegalStateException: Failed to load ApplicationContext
	at org.springframework.test.context.cache.DefaultCacheAwareContextLoaderDelegate.loadContext(DefaultCacheAwareContextLoaderDelegate.java:124) ~[spring-test-4.3.4.RELEASE.jar:4.3.4.RELEASE]
	at org.springframework.test.context.support.DefaultTestContext.getApplicationContext(DefaultTestContext.java:83) ~[spring-test-4.3.4.RELEASE.jar:4.3.4.RELEASE]
	at org.springframework.boot.test.autoconfigure.SpringBootDependencyInjectionTestExecutionListener.prepareTestInstance(SpringBootDependencyInjectionTestExecutionListener.java:47) ~[spring-boot-test-autoconfigure-1.4.2.RELEASE.jar:1.4.2.RELEASE]
	at org.springframework.test.context.TestContextManager.prepareTestInstance(TestContextManager.java:230) ~[spring-test-4.3.4.RELEASE.jar:4.3.4.RELEASE]
	at org.springframework.test.context.junit4.SpringJUnit4ClassRunner.createTest(SpringJUnit4ClassRunner.java:228) [spring-test-4.3.4.RELEASE.jar:4.3.4.RELEASE]
	at org.springframework.test.context.junit4.SpringJUnit4ClassRunner$1.runReflectiveCall(SpringJUnit4ClassRunner.java:287) [spring-test-4.3.4.RELEASE.jar:4.3.4.RELEASE]
	at org.junit.internal.runners.model.ReflectiveCallable.run(ReflectiveCallable.java:12) [junit-4.12.jar:4.12]
	at org.springframework.test.context.junit4.SpringJUnit4ClassRunner.methodBlock(SpringJUnit4ClassRunner.java:289) [spring-test-4.3.4.RELEASE.jar:4.3.4.RELEASE]
	at org.springframework.test.context.junit4.SpringJUnit4ClassRunner.runChild(SpringJUnit4ClassRunner.java:247) [spring-test-4.3.4.RELEASE.jar:4.3.4.RELEASE]
	at org.springframework.test.context.junit4.SpringJUnit4ClassRunner.runChild(SpringJUnit4ClassRunner.java:94) [spring-test-4.3.4.RELEASE.jar:4.3.4.RELEASE]
	at org.junit.runners.ParentRunner$3.run(ParentRunner.java:290) [junit-4.12.jar:4.12]
	at org.junit.runners.ParentRunner$1.schedule(ParentRunner.java:71) [junit-4.12.jar:4.12]
	at org.junit.runners.ParentRunner.runChildren(ParentRunner.java:288) [junit-4.12.jar:4.12]
	at org.junit.runners.ParentRunner.access$000(ParentRunner.java:58) [junit-4.12.jar:4.12]
	at org.junit.runners.ParentRunner$2.evaluate(ParentRunner.java:268) [junit-4.12.jar:4.12]
	at org.springframework.test.context.junit4.statements.RunBeforeTestClassCallbacks.evaluate(RunBeforeTestClassCallbacks.java:61) [spring-test-4.3.4.RELEASE.jar:4.3.4.RELEASE]
	at org.junit.internal.runners.statements.RunAfters.evaluate(RunAfters.java:27) [junit-4.12.jar:4.12]
	at org.springframework.test.context.junit4.statements.RunAfterTestClassCallbacks.evaluate(RunAfterTestClassCallbacks.java:70) [spring-test-4.3.4.RELEASE.jar:4.3.4.RELEASE]
	at org.junit.runners.ParentRunner.run(ParentRunner.java:363) [junit-4.12.jar:4.12]
	at org.springframework.test.context.junit4.SpringJUnit4ClassRunner.run(SpringJUnit4ClassRunner.java:191) [spring-test-4.3.4.RELEASE.jar:4.3.4.RELEASE]
	at org.apache.maven.surefire.junit4.JUnit4Provider.execute(JUnit4Provider.java:283) [surefire-junit4-2.18.1.jar:2.18.1]
	at org.apache.maven.surefire.junit4.JUnit4Provider.executeWithRerun(JUnit4Provider.java:173) [surefire-junit4-2.18.1.jar:2.18.1]
	at org.apache.maven.surefire.junit4.JUnit4Provider.executeTestSet(JUnit4Provider.java:153) [surefire-junit4-2.18.1.jar:2.18.1]
	at org.apache.maven.surefire.junit4.JUnit4Provider.invoke(JUnit4Provider.java:128) [surefire-junit4-2.18.1.jar:2.18.1]
	at org.apache.maven.surefire.booter.ForkedBooter.invokeProviderInSameClassLoader(ForkedBooter.java:203) [surefire-booter-2.18.1.jar:2.18.1]
	at org.apache.maven.surefire.booter.ForkedBooter.runSuitesInProcess(ForkedBooter.java:155) [surefire-booter-2.18.1.jar:2.18.1]
	at org.apache.maven.surefire.booter.ForkedBooter.main(ForkedBooter.java:103) [surefire-booter-2.18.1.jar:2.18.1]
Caused by: org.springframework.beans.factory.BeanCreationException: Error creating bean with name 'initService': Invocation of init method failed; nested exception is java.lang.NullPointerException
	at org.springframework.beans.factory.annotation.InitDestroyAnnotationBeanPostProcessor.postProcessBeforeInitialization(InitDestroyAnnotationBeanPostProcessor.java:137) ~[spring-beans-4.3.4.RELEASE.jar:4.3.4.RELEASE]
	at org.springframework.beans.factory.support.AbstractAutowireCapableBeanFactory.applyBeanPostProcessorsBeforeInitialization(AbstractAutowireCapableBeanFactory.java:408) ~[spring-beans-4.3.4.RELEASE.jar:4.3.4.RELEASE]
	at org.springframework.beans.factory.support.AbstractAutowireCapableBeanFactory.initializeBean(AbstractAutowireCapableBeanFactory.java:1575) ~[spring-beans-4.3.4.RELEASE.jar:4.3.4.RELEASE]
	at org.springframework.beans.factory.support.AbstractAutowireCapableBeanFactory.doCreateBean(AbstractAutowireCapableBeanFactory.java:553) ~[spring-beans-4.3.4.RELEASE.jar:4.3.4.RELEASE]
	at org.springframework.beans.factory.support.AbstractAutowireCapableBeanFactory.createBean(AbstractAutowireCapableBeanFactory.java:482) ~[spring-beans-4.3.4.RELEASE.jar:4.3.4.RELEASE]
	at org.springframework.beans.factory.support.AbstractBeanFactory$1.getObject(AbstractBeanFactory.java:306) ~[spring-beans-4.3.4.RELEASE.jar:4.3.4.RELEASE]
	at org.springframework.beans.factory.support.DefaultSingletonBeanRegistry.getSingleton(DefaultSingletonBeanRegistry.java:230) ~[spring-beans-4.3.4.RELEASE.jar:4.3.4.RELEASE]
	at org.springframework.beans.factory.support.AbstractBeanFactory.doGetBean(AbstractBeanFactory.java:302) ~[spring-beans-4.3.4.RELEASE.jar:4.3.4.RELEASE]
	at org.springframework.beans.factory.support.AbstractBeanFactory.getBean(AbstractBeanFactory.java:197) ~[spring-beans-4.3.4.RELEASE.jar:4.3.4.RELEASE]
	at org.springframework.beans.factory.support.DefaultListableBeanFactory.preInstantiateSingletons(DefaultListableBeanFactory.java:754) ~[spring-beans-4.3.4.RELEASE.jar:4.3.4.RELEASE]
	at org.springframework.context.support.AbstractApplicationContext.finishBeanFactoryInitialization(AbstractApplicationContext.java:866) ~[spring-context-4.3.4.RELEASE.jar:4.3.4.RELEASE]
	at org.springframework.context.support.AbstractApplicationContext.refresh(AbstractApplicationContext.java:542) ~[spring-context-4.3.4.RELEASE.jar:4.3.4.RELEASE]
	at org.springframework.boot.context.embedded.EmbeddedWebApplicationContext.refresh(EmbeddedWebApplicationContext.java:122) ~[spring-boot-1.4.2.RELEASE.jar:1.4.2.RELEASE]
	at org.springframework.boot.SpringApplication.refresh(SpringApplication.java:761) ~[spring-boot-1.4.2.RELEASE.jar:1.4.2.RELEASE]
	at org.springframework.boot.SpringApplication.refreshContext(SpringApplication.java:371) ~[spring-boot-1.4.2.RELEASE.jar:1.4.2.RELEASE]
	at org.springframework.boot.SpringApplication.run(SpringApplication.java:315) ~[spring-boot-1.4.2.RELEASE.jar:1.4.2.RELEASE]
	at org.springframework.boot.test.context.SpringBootContextLoader.loadContext(SpringBootContextLoader.java:111) ~[spring-boot-test-1.4.2.RELEASE.jar:1.4.2.RELEASE]
	at org.springframework.test.context.cache.DefaultCacheAwareContextLoaderDelegate.loadContextInternal(DefaultCacheAwareContextLoaderDelegate.java:98) ~[spring-test-4.3.4.RELEASE.jar:4.3.4.RELEASE]
	at org.springframework.test.context.cache.DefaultCacheAwareContextLoaderDelegate.loadContext(DefaultCacheAwareContextLoaderDelegate.java:116) ~[spring-test-4.3.4.RELEASE.jar:4.3.4.RELEASE]
	... 26 common frames omitted
Caused by: java.lang.NullPointerException: null
	at wad.service.GenreService.addGenreToBook(GenreService.java:88) ~[classes/:na]
	at wad.service.GenreService$$FastClassBySpringCGLIB$$eb00b0ff.invoke(<generated>) ~[classes/:na]
	at org.springframework.cglib.proxy.MethodProxy.invoke(MethodProxy.java:204) ~[spring-core-4.3.4.RELEASE.jar:4.3.4.RELEASE]
	at org.springframework.aop.framework.CglibAopProxy$CglibMethodInvocation.invokeJoinpoint(CglibAopProxy.java:720) ~[spring-aop-4.3.4.RELEASE.jar:4.3.4.RELEASE]
	at org.springframework.aop.framework.ReflectiveMethodInvocation.proceed(ReflectiveMethodInvocation.java:157) ~[spring-aop-4.3.4.RELEASE.jar:4.3.4.RELEASE]
	at org.springframework.transaction.interceptor.TransactionInterceptor$1.proceedWithInvocation(TransactionInterceptor.java:99) ~[spring-tx-4.3.4.RELEASE.jar:4.3.4.RELEASE]
	at org.springframework.transaction.interceptor.TransactionAspectSupport.invokeWithinTransaction(TransactionAspectSupport.java:282) ~[spring-tx-4.3.4.RELEASE.jar:4.3.4.RELEASE]
	at org.springframework.transaction.interceptor.TransactionInterceptor.invoke(TransactionInterceptor.java:96) ~[spring-tx-4.3.4.RELEASE.jar:4.3.4.RELEASE]
	at org.springframework.aop.framework.ReflectiveMethodInvocation.proceed(ReflectiveMethodInvocation.java:179) ~[spring-aop-4.3.4.RELEASE.jar:4.3.4.RELEASE]
	at org.springframework.aop.framework.CglibAopProxy$DynamicAdvisedInterceptor.intercept(CglibAopProxy.java:655) ~[spring-aop-4.3.4.RELEASE.jar:4.3.4.RELEASE]
	at wad.service.GenreService$$EnhancerBySpringCGLIB$$ef2c0272.addGenreToBook(<generated>) ~[classes/:na]
	at wad.service.BookService.save(BookService.java:61) ~[classes/:na]
	at wad.service.InitService.initBooks(InitService.java:64) ~[classes/:na]
	at wad.service.InitService.initAuthors(InitService.java:59) ~[classes/:na]
	at sun.reflect.NativeMethodAccessorImpl.invoke0(Native Method) ~[na:1.8.0_60]
	at sun.reflect.NativeMethodAccessorImpl.invoke(NativeMethodAccessorImpl.java:62) ~[na:1.8.0_60]
	at sun.reflect.DelegatingMethodAccessorImpl.invoke(DelegatingMethodAccessorImpl.java:43) ~[na:1.8.0_60]
	at java.lang.reflect.Method.invoke(Method.java:497) ~[na:1.8.0_60]
	at org.springframework.beans.factory.annotation.InitDestroyAnnotationBeanPostProcessor$LifecycleElement.invoke(InitDestroyAnnotationBeanPostProcessor.java:366) ~[spring-beans-4.3.4.RELEASE.jar:4.3.4.RELEASE]
	at org.springframework.beans.factory.annotation.InitDestroyAnnotationBeanPostProcessor$LifecycleMetadata.invokeInitMethods(InitDestroyAnnotationBeanPostProcessor.java:311) ~[spring-beans-4.3.4.RELEASE.jar:4.3.4.RELEASE]
	at org.springframework.beans.factory.annotation.InitDestroyAnnotationBeanPostProcessor.postProcessBeforeInitialization(InitDestroyAnnotationBeanPostProcessor.java:134) ~[spring-beans-4.3.4.RELEASE.jar:4.3.4.RELEASE]
	... 44 common frames omitted

]]></system-out>
  </testcase>
</testsuite>